2025-11-23 21:50:42,571 | INFO | PRESTART | Telegram без прокси доступен (latency=2.003s)
2025-11-23 21:50:42,573 | INFO | PRESTART | Прокси не найдены — работаем без прокси
2025-11-23 21:50:42,574 | INFO | MAIN | Запуск Updater...
2025-11-23 21:51:26,738 | INFO | PRESTART | Telegram без прокси доступен (latency=0.486s)
2025-11-23 21:51:26,762 | INFO | PRESTART | Прокси не найдены — работаем без прокси
2025-11-23 21:51:26,763 | INFO | MAIN | Создаём ApplicationBuilder...
2025-11-23 21:51:27,586 | INFO | ADMIN | admin_module setup complete
2025-11-23 21:51:27,613 | INFO | MODELLOADS | Module admin_module loaded
2025-11-23 21:51:27,615 | ERROR | MODELLOADS | Failed to load module echo_module: cannot import name 'Filters' from 'telegram.ext' (C:\Users\MrWaffle\AppData\Local\Programs\Python\Python312\Lib\site-packages\telegram\ext\__init__.py)
Traceback (most recent call last):
  File "C:\Users\MrWaffle\Desktop\Новая папка (2)\modelloads\ModelLoads.py", line 34, in _load_module
    module = importlib.import_module(module_path)
             ^^^^^^^^^^^^^^^^^^^^^^^^^^^^^^^^^^^^
  File "C:\Users\MrWaffle\AppData\Local\Programs\Python\Python312\Lib\importlib\__init__.py", line 90, in import_module
    return _bootstrap._gcd_import(name[level:], package, level)
           ^^^^^^^^^^^^^^^^^^^^^^^^^^^^^^^^^^^^^^^^^^^^^^^^^^^^
  File "<frozen importlib._bootstrap>", line 1387, in _gcd_import
  File "<frozen importlib._bootstrap>", line 1360, in _find_and_load
  File "<frozen importlib._bootstrap>", line 1331, in _find_and_load_unlocked
  File "<frozen importlib._bootstrap>", line 935, in _load_unlocked
  File "<frozen importlib._bootstrap_external>", line 995, in exec_module
  File "<frozen importlib._bootstrap>", line 488, in _call_with_frames_removed
  File "C:\Users\MrWaffle\Desktop\Новая папка (2)\modules\echo_module.py", line 2, in <module>
    from telegram.ext import CommandHandler, MessageHandler, Filters
ImportError: cannot import name 'Filters' from 'telegram.ext' (C:\Users\MrWaffle\AppData\Local\Programs\Python\Python312\Lib\site-packages\telegram\ext\__init__.py)
2025-11-23 21:51:27,635 | INFO | FUN | fun_module setup complete
2025-11-23 21:51:27,636 | INFO | MODELLOADS | Module fun_module loaded
2025-11-23 21:51:27,638 | INFO | MAIN | Запуск бота...
2025-11-23 21:51:28,144 | INFO | httpx | HTTP Request: POST https://api.telegram.org/bot8411847469:AAFUHXwXfsjLYXaToqgt6t4AOdPtcDm4uC4/getMe "HTTP/1.1 200 OK"
2025-11-23 21:51:28,309 | INFO | httpx | HTTP Request: POST https://api.telegram.org/bot8411847469:AAFUHXwXfsjLYXaToqgt6t4AOdPtcDm4uC4/deleteWebhook "HTTP/1.1 200 OK"
2025-11-23 21:51:28,321 | INFO | telegram.ext.Application | Application started
2025-11-23 21:51:38,789 | INFO | httpx | HTTP Request: POST https://api.telegram.org/bot8411847469:AAFUHXwXfsjLYXaToqgt6t4AOdPtcDm4uC4/getUpdates "HTTP/1.1 200 OK"
2025-11-23 21:51:48,973 | INFO | httpx | HTTP Request: POST https://api.telegram.org/bot8411847469:AAFUHXwXfsjLYXaToqgt6t4AOdPtcDm4uC4/getUpdates "HTTP/1.1 200 OK"
2025-11-23 21:51:59,162 | INFO | httpx | HTTP Request: POST https://api.telegram.org/bot8411847469:AAFUHXwXfsjLYXaToqgt6t4AOdPtcDm4uC4/getUpdates "HTTP/1.1 200 OK"
2025-11-23 21:52:09,323 | INFO | httpx | HTTP Request: POST https://api.telegram.org/bot8411847469:AAFUHXwXfsjLYXaToqgt6t4AOdPtcDm4uC4/getUpdates "HTTP/1.1 200 OK"
2025-11-23 21:52:19,487 | INFO | httpx | HTTP Request: POST https://api.telegram.org/bot8411847469:AAFUHXwXfsjLYXaToqgt6t4AOdPtcDm4uC4/getUpdates "HTTP/1.1 200 OK"
2025-11-23 21:52:29,647 | INFO | httpx | HTTP Request: POST https://api.telegram.org/bot8411847469:AAFUHXwXfsjLYXaToqgt6t4AOdPtcDm4uC4/getUpdates "HTTP/1.1 200 OK"
2025-11-23 21:52:39,815 | INFO | httpx | HTTP Request: POST https://api.telegram.org/bot8411847469:AAFUHXwXfsjLYXaToqgt6t4AOdPtcDm4uC4/getUpdates "HTTP/1.1 200 OK"
2025-11-23 21:52:50,026 | INFO | httpx | HTTP Request: POST https://api.telegram.org/bot8411847469:AAFUHXwXfsjLYXaToqgt6t4AOdPtcDm4uC4/getUpdates "HTTP/1.1 200 OK"
2025-11-23 21:53:00,196 | INFO | httpx | HTTP Request: POST https://api.telegram.org/bot8411847469:AAFUHXwXfsjLYXaToqgt6t4AOdPtcDm4uC4/getUpdates "HTTP/1.1 200 OK"
2025-11-23 21:53:10,361 | INFO | httpx | HTTP Request: POST https://api.telegram.org/bot8411847469:AAFUHXwXfsjLYXaToqgt6t4AOdPtcDm4uC4/getUpdates "HTTP/1.1 200 OK"
2025-11-23 21:53:20,545 | INFO | httpx | HTTP Request: POST https://api.telegram.org/bot8411847469:AAFUHXwXfsjLYXaToqgt6t4AOdPtcDm4uC4/getUpdates "HTTP/1.1 200 OK"
2025-11-23 21:53:30,707 | INFO | httpx | HTTP Request: POST https://api.telegram.org/bot8411847469:AAFUHXwXfsjLYXaToqgt6t4AOdPtcDm4uC4/getUpdates "HTTP/1.1 200 OK"
2025-11-23 21:53:40,874 | INFO | httpx | HTTP Request: POST https://api.telegram.org/bot8411847469:AAFUHXwXfsjLYXaToqgt6t4AOdPtcDm4uC4/getUpdates "HTTP/1.1 200 OK"
2025-11-23 21:53:51,048 | INFO | httpx | HTTP Request: POST https://api.telegram.org/bot8411847469:AAFUHXwXfsjLYXaToqgt6t4AOdPtcDm4uC4/getUpdates "HTTP/1.1 200 OK"
2025-11-23 21:54:01,216 | INFO | httpx | HTTP Request: POST https://api.telegram.org/bot8411847469:AAFUHXwXfsjLYXaToqgt6t4AOdPtcDm4uC4/getUpdates "HTTP/1.1 200 OK"
2025-11-23 21:55:43,978 | INFO | PRESTART | Telegram без прокси доступен (latency=1.011s)
2025-11-23 21:55:44,027 | INFO | PRESTART | Прокси не найдены — работаем без прокси
2025-11-23 21:55:44,031 | INFO | MAIN | Создаём ApplicationBuilder...
2025-11-23 21:55:44,464 | INFO | MODELLOADS | Module CfgList loaded
2025-11-23 21:55:44,474 | INFO | MODELLOADS | Module LuaList loaded
2025-11-23 21:55:44,483 | INFO | MODELLOADS | Module Start loaded
2025-11-23 21:55:44,484 | INFO | MAIN | Запуск бота...
2025-11-23 21:55:45,158 | INFO | httpx | HTTP Request: POST https://api.telegram.org/bot8411847469:AAFUHXwXfsjLYXaToqgt6t4AOdPtcDm4uC4/getMe "HTTP/1.1 200 OK"
2025-11-23 21:55:45,323 | INFO | httpx | HTTP Request: POST https://api.telegram.org/bot8411847469:AAFUHXwXfsjLYXaToqgt6t4AOdPtcDm4uC4/deleteWebhook "HTTP/1.1 200 OK"
2025-11-23 21:55:45,327 | INFO | telegram.ext.Application | Application started
2025-11-23 21:55:56,285 | INFO | httpx | HTTP Request: POST https://api.telegram.org/bot8411847469:AAFUHXwXfsjLYXaToqgt6t4AOdPtcDm4uC4/getUpdates "HTTP/1.1 200 OK"
2025-11-23 21:56:06,480 | INFO | httpx | HTTP Request: POST https://api.telegram.org/bot8411847469:AAFUHXwXfsjLYXaToqgt6t4AOdPtcDm4uC4/getUpdates "HTTP/1.1 200 OK"
2025-11-23 21:56:16,664 | INFO | httpx | HTTP Request: POST https://api.telegram.org/bot8411847469:AAFUHXwXfsjLYXaToqgt6t4AOdPtcDm4uC4/getUpdates "HTTP/1.1 200 OK"
2025-11-23 21:56:24,231 | INFO | httpx | HTTP Request: POST https://api.telegram.org/bot8411847469:AAFUHXwXfsjLYXaToqgt6t4AOdPtcDm4uC4/getUpdates "HTTP/1.1 200 OK"
2025-11-23 21:56:24,282 | ERROR | SAFE_EXECUTOR | Exception in handler lualist: [WinError 3] Системе не удается найти указанный путь: 'items/luaScripts'
Traceback (most recent call last):
  File "C:\Users\MrWaffle\Desktop\Новая папка (2)\core\safe_executor.py", line 10, in safe_call
    return func(update, context)
           ^^^^^^^^^^^^^^^^^^^^^
  File "C:\Users\MrWaffle\Desktop\Новая папка (2)\modules\LuaList.py", line 10, in lualist
    files = [f for f in os.listdir(BASE_DIR) if f.endswith(".lua")]
                        ^^^^^^^^^^^^^^^^^^^^
FileNotFoundError: [WinError 3] Системе не удается найти указанный путь: 'items/luaScripts'
2025-11-23 21:56:24,292 | ERROR | bot_error_handler | ⚠ Ошибка!
Пользователь: 946750339 (Scp-079 The Old Ai)
Тип: TypeError
Описание: object NoneType can't be used in 'await' expression

2025-11-23 21:56:24,431 | ERROR | bot_error_handler | Full traceback:
Traceback (most recent call last):
  File "C:\Users\MrWaffle\AppData\Local\Programs\Python\Python312\Lib\site-packages\telegram\ext\_application.py", line 1315, in process_update
    await coroutine
  File "C:\Users\MrWaffle\AppData\Local\Programs\Python\Python312\Lib\site-packages\telegram\ext\_handlers\basehandler.py", line 159, in handle_update
    return await self.callback(update, context)
           ^^^^^^^^^^^^^^^^^^^^^^^^^^^^^^^^^^^^
TypeError: object NoneType can't be used in 'await' expression

2025-11-23 21:56:25,173 | INFO | httpx | HTTP Request: POST https://api.telegram.org/bot8411847469:AAFUHXwXfsjLYXaToqgt6t4AOdPtcDm4uC4/sendMessage "HTTP/1.1 200 OK"
2025-11-23 21:56:34,589 | INFO | httpx | HTTP Request: POST https://api.telegram.org/bot8411847469:AAFUHXwXfsjLYXaToqgt6t4AOdPtcDm4uC4/getUpdates "HTTP/1.1 200 OK"
2025-11-23 21:56:44,779 | INFO | httpx | HTTP Request: POST https://api.telegram.org/bot8411847469:AAFUHXwXfsjLYXaToqgt6t4AOdPtcDm4uC4/getUpdates "HTTP/1.1 200 OK"
2025-11-23 21:56:49,400 | INFO | httpx | HTTP Request: POST https://api.telegram.org/bot8411847469:AAFUHXwXfsjLYXaToqgt6t4AOdPtcDm4uC4/getUpdates "HTTP/1.1 200 OK"
2025-11-23 21:56:49,408 | ERROR | bot_error_handler | ⚠ Ошибка!
Пользователь: 946750339 (Scp-079 The Old Ai)
Тип: TypeError
Описание: object NoneType can't be used in 'await' expression

2025-11-23 21:56:49,410 | ERROR | bot_error_handler | Full traceback:
Traceback (most recent call last):
  File "C:\Users\MrWaffle\AppData\Local\Programs\Python\Python312\Lib\site-packages\telegram\ext\_application.py", line 1315, in process_update
    await coroutine
  File "C:\Users\MrWaffle\AppData\Local\Programs\Python\Python312\Lib\site-packages\telegram\ext\_handlers\basehandler.py", line 159, in handle_update
    return await self.callback(update, context)
           ^^^^^^^^^^^^^^^^^^^^^^^^^^^^^^^^^^^^
TypeError: object NoneType can't be used in 'await' expression

2025-11-23 21:56:50,005 | INFO | httpx | HTTP Request: POST https://api.telegram.org/bot8411847469:AAFUHXwXfsjLYXaToqgt6t4AOdPtcDm4uC4/sendMessage "HTTP/1.1 200 OK"
2025-11-23 21:56:59,579 | INFO | httpx | HTTP Request: POST https://api.telegram.org/bot8411847469:AAFUHXwXfsjLYXaToqgt6t4AOdPtcDm4uC4/getUpdates "HTTP/1.1 200 OK"
2025-11-23 21:57:09,752 | INFO | httpx | HTTP Request: POST https://api.telegram.org/bot8411847469:AAFUHXwXfsjLYXaToqgt6t4AOdPtcDm4uC4/getUpdates "HTTP/1.1 200 OK"
2025-11-23 21:57:19,939 | INFO | httpx | HTTP Request: POST https://api.telegram.org/bot8411847469:AAFUHXwXfsjLYXaToqgt6t4AOdPtcDm4uC4/getUpdates "HTTP/1.1 200 OK"
2025-11-23 21:57:30,150 | INFO | httpx | HTTP Request: POST https://api.telegram.org/bot8411847469:AAFUHXwXfsjLYXaToqgt6t4AOdPtcDm4uC4/getUpdates "HTTP/1.1 200 OK"
2025-11-23 21:57:40,370 | INFO | httpx | HTTP Request: POST https://api.telegram.org/bot8411847469:AAFUHXwXfsjLYXaToqgt6t4AOdPtcDm4uC4/getUpdates "HTTP/1.1 200 OK"
2025-11-23 21:57:50,539 | INFO | httpx | HTTP Request: POST https://api.telegram.org/bot8411847469:AAFUHXwXfsjLYXaToqgt6t4AOdPtcDm4uC4/getUpdates "HTTP/1.1 200 OK"
2025-11-23 21:58:00,712 | INFO | httpx | HTTP Request: POST https://api.telegram.org/bot8411847469:AAFUHXwXfsjLYXaToqgt6t4AOdPtcDm4uC4/getUpdates "HTTP/1.1 200 OK"
2025-11-23 21:58:10,617 | INFO | WATCHDOG | Change detected in module: Start
2025-11-23 21:58:10,646 | INFO | MODELLOADS | Reloading module: Start
2025-11-23 21:58:10,650 | INFO | MODELLOADS | Module Start reloaded successfully
2025-11-23 21:58:10,876 | INFO | httpx | HTTP Request: POST https://api.telegram.org/bot8411847469:AAFUHXwXfsjLYXaToqgt6t4AOdPtcDm4uC4/getUpdates "HTTP/1.1 200 OK"
2025-11-23 21:58:21,042 | INFO | httpx | HTTP Request: POST https://api.telegram.org/bot8411847469:AAFUHXwXfsjLYXaToqgt6t4AOdPtcDm4uC4/getUpdates "HTTP/1.1 200 OK"
2025-11-23 21:58:23,667 | INFO | WATCHDOG | Change detected in module: LuaList
2025-11-23 21:58:23,675 | INFO | MODELLOADS | Reloading module: LuaList
2025-11-23 21:58:23,683 | INFO | MODELLOADS | Module LuaList reloaded successfully
2025-11-23 21:58:31,615 | INFO | httpx | HTTP Request: POST https://api.telegram.org/bot8411847469:AAFUHXwXfsjLYXaToqgt6t4AOdPtcDm4uC4/getUpdates "HTTP/1.1 200 OK"
2025-11-23 21:58:36,703 | INFO | WATCHDOG | Change detected in module: CfgList
2025-11-23 21:58:36,713 | INFO | MODELLOADS | Reloading module: CfgList
2025-11-23 21:58:36,723 | INFO | MODELLOADS | Module CfgList reloaded successfully
2025-11-23 21:58:41,781 | INFO | httpx | HTTP Request: POST https://api.telegram.org/bot8411847469:AAFUHXwXfsjLYXaToqgt6t4AOdPtcDm4uC4/getUpdates "HTTP/1.1 200 OK"
2025-11-23 21:58:48,325 | INFO | PRESTART | Telegram без прокси доступен (latency=0.495s)
2025-11-23 21:58:48,327 | INFO | PRESTART | Прокси не найдены — работаем без прокси
2025-11-23 21:58:48,329 | INFO | MAIN | Создаём ApplicationBuilder...
2025-11-23 21:58:48,736 | INFO | MODELLOADS | Module CfgList loaded
2025-11-23 21:58:48,779 | INFO | MODELLOADS | Module LuaList loaded
2025-11-23 21:58:48,781 | INFO | MODELLOADS | Module Start loaded
2025-11-23 21:58:48,782 | INFO | MAIN | Запуск бота...
2025-11-23 21:58:49,292 | INFO | httpx | HTTP Request: POST https://api.telegram.org/bot8411847469:AAFUHXwXfsjLYXaToqgt6t4AOdPtcDm4uC4/getMe "HTTP/1.1 200 OK"
2025-11-23 21:58:49,494 | INFO | httpx | HTTP Request: POST https://api.telegram.org/bot8411847469:AAFUHXwXfsjLYXaToqgt6t4AOdPtcDm4uC4/deleteWebhook "HTTP/1.1 200 OK"
2025-11-23 21:58:49,500 | INFO | telegram.ext.Application | Application started
2025-11-23 21:59:00,164 | INFO | httpx | HTTP Request: POST https://api.telegram.org/bot8411847469:AAFUHXwXfsjLYXaToqgt6t4AOdPtcDm4uC4/getUpdates "HTTP/1.1 200 OK"
2025-11-23 21:59:01,843 | INFO | httpx | HTTP Request: POST https://api.telegram.org/bot8411847469:AAFUHXwXfsjLYXaToqgt6t4AOdPtcDm4uC4/getUpdates "HTTP/1.1 200 OK"
2025-11-23 21:59:02,803 | INFO | httpx | HTTP Request: POST https://api.telegram.org/bot8411847469:AAFUHXwXfsjLYXaToqgt6t4AOdPtcDm4uC4/sendMessage "HTTP/1.1 200 OK"
2025-11-23 21:59:06,388 | INFO | httpx | HTTP Request: POST https://api.telegram.org/bot8411847469:AAFUHXwXfsjLYXaToqgt6t4AOdPtcDm4uC4/getUpdates "HTTP/1.1 200 OK"
2025-11-23 21:59:06,729 | INFO | httpx | HTTP Request: POST https://api.telegram.org/bot8411847469:AAFUHXwXfsjLYXaToqgt6t4AOdPtcDm4uC4/sendMessage "HTTP/1.1 200 OK"
2025-11-23 21:59:16,597 | INFO | httpx | HTTP Request: POST https://api.telegram.org/bot8411847469:AAFUHXwXfsjLYXaToqgt6t4AOdPtcDm4uC4/getUpdates "HTTP/1.1 200 OK"
2025-11-23 21:59:17,642 | INFO | httpx | HTTP Request: POST https://api.telegram.org/bot8411847469:AAFUHXwXfsjLYXaToqgt6t4AOdPtcDm4uC4/getUpdates "HTTP/1.1 200 OK"
2025-11-23 21:59:18,287 | INFO | httpx | HTTP Request: POST https://api.telegram.org/bot8411847469:AAFUHXwXfsjLYXaToqgt6t4AOdPtcDm4uC4/sendMessage "HTTP/1.1 200 OK"
2025-11-23 21:59:27,886 | INFO | httpx | HTTP Request: POST https://api.telegram.org/bot8411847469:AAFUHXwXfsjLYXaToqgt6t4AOdPtcDm4uC4/getUpdates "HTTP/1.1 200 OK"
2025-11-23 21:59:38,067 | INFO | httpx | HTTP Request: POST https://api.telegram.org/bot8411847469:AAFUHXwXfsjLYXaToqgt6t4AOdPtcDm4uC4/getUpdates "HTTP/1.1 200 OK"
2025-11-23 21:59:48,223 | INFO | httpx | HTTP Request: POST https://api.telegram.org/bot8411847469:AAFUHXwXfsjLYXaToqgt6t4AOdPtcDm4uC4/getUpdates "HTTP/1.1 200 OK"
2025-11-23 21:59:58,389 | INFO | httpx | HTTP Request: POST https://api.telegram.org/bot8411847469:AAFUHXwXfsjLYXaToqgt6t4AOdPtcDm4uC4/getUpdates "HTTP/1.1 200 OK"
2025-11-23 22:00:08,619 | INFO | httpx | HTTP Request: POST https://api.telegram.org/bot8411847469:AAFUHXwXfsjLYXaToqgt6t4AOdPtcDm4uC4/getUpdates "HTTP/1.1 200 OK"
2025-11-23 22:00:18,777 | INFO | httpx | HTTP Request: POST https://api.telegram.org/bot8411847469:AAFUHXwXfsjLYXaToqgt6t4AOdPtcDm4uC4/getUpdates "HTTP/1.1 200 OK"
2025-11-23 22:00:28,109 | INFO | httpx | HTTP Request: POST https://api.telegram.org/bot8411847469:AAFUHXwXfsjLYXaToqgt6t4AOdPtcDm4uC4/getUpdates "HTTP/1.1 200 OK"
2025-11-23 22:00:28,891 | INFO | httpx | HTTP Request: POST https://api.telegram.org/bot8411847469:AAFUHXwXfsjLYXaToqgt6t4AOdPtcDm4uC4/sendMessage "HTTP/1.1 200 OK"
2025-11-23 22:00:31,200 | INFO | httpx | HTTP Request: POST https://api.telegram.org/bot8411847469:AAFUHXwXfsjLYXaToqgt6t4AOdPtcDm4uC4/getUpdates "HTTP/1.1 200 OK"
2025-11-23 22:00:31,563 | INFO | httpx | HTTP Request: POST https://api.telegram.org/bot8411847469:AAFUHXwXfsjLYXaToqgt6t4AOdPtcDm4uC4/sendMessage "HTTP/1.1 200 OK"
2025-11-23 22:00:34,264 | INFO | httpx | HTTP Request: POST https://api.telegram.org/bot8411847469:AAFUHXwXfsjLYXaToqgt6t4AOdPtcDm4uC4/getUpdates "HTTP/1.1 200 OK"
2025-11-23 22:00:34,578 | INFO | httpx | HTTP Request: POST https://api.telegram.org/bot8411847469:AAFUHXwXfsjLYXaToqgt6t4AOdPtcDm4uC4/answerCallbackQuery "HTTP/1.1 200 OK"
2025-11-23 22:00:34,639 | ERROR | SAFE_EXECUTOR | Ошибка в safe_call: 'CallbackQuery' object has no attribute 'edit_message_document'
Traceback (most recent call last):
  File "C:\Users\MrWaffle\Desktop\Новая папка (2)\core\safe_executor.py", line 9, in safe_call
    return await func(*args, **kwargs)
           ^^^^^^^^^^^^^^^^^^^^^^^^^^^
  File "C:\Users\MrWaffle\Desktop\Новая папка (2)\modules\CfgList.py", line 36, in cfg_send
    await query.edit_message_document(
          ^^^^^^^^^^^^^^^^^^^^^^^^^^^
AttributeError: 'CallbackQuery' object has no attribute 'edit_message_document'. Did you mean: 'edit_message_text'?
2025-11-23 22:00:44,426 | INFO | httpx | HTTP Request: POST https://api.telegram.org/bot8411847469:AAFUHXwXfsjLYXaToqgt6t4AOdPtcDm4uC4/getUpdates "HTTP/1.1 200 OK"
2025-11-23 22:00:54,615 | INFO | httpx | HTTP Request: POST https://api.telegram.org/bot8411847469:AAFUHXwXfsjLYXaToqgt6t4AOdPtcDm4uC4/getUpdates "HTTP/1.1 200 OK"
2025-11-23 22:01:04,773 | INFO | httpx | HTTP Request: POST https://api.telegram.org/bot8411847469:AAFUHXwXfsjLYXaToqgt6t4AOdPtcDm4uC4/getUpdates "HTTP/1.1 200 OK"
2025-11-23 22:01:14,938 | INFO | httpx | HTTP Request: POST https://api.telegram.org/bot8411847469:AAFUHXwXfsjLYXaToqgt6t4AOdPtcDm4uC4/getUpdates "HTTP/1.1 200 OK"
2025-11-23 22:01:22,910 | INFO | httpx | HTTP Request: POST https://api.telegram.org/bot8411847469:AAFUHXwXfsjLYXaToqgt6t4AOdPtcDm4uC4/getUpdates "HTTP/1.1 200 OK"
2025-11-23 22:01:23,677 | INFO | httpx | HTTP Request: POST https://api.telegram.org/bot8411847469:AAFUHXwXfsjLYXaToqgt6t4AOdPtcDm4uC4/sendMessage "HTTP/1.1 200 OK"
2025-11-23 22:01:24,826 | INFO | httpx | HTTP Request: POST https://api.telegram.org/bot8411847469:AAFUHXwXfsjLYXaToqgt6t4AOdPtcDm4uC4/getUpdates "HTTP/1.1 200 OK"
2025-11-23 22:01:25,128 | INFO | httpx | HTTP Request: POST https://api.telegram.org/bot8411847469:AAFUHXwXfsjLYXaToqgt6t4AOdPtcDm4uC4/answerCallbackQuery "HTTP/1.1 200 OK"
2025-11-23 22:01:25,138 | ERROR | SAFE_EXECUTOR | Ошибка в safe_call: 'CallbackQuery' object has no attribute 'edit_message_document'
Traceback (most recent call last):
  File "C:\Users\MrWaffle\Desktop\Новая папка (2)\core\safe_executor.py", line 9, in safe_call
    return await func(*args, **kwargs)
           ^^^^^^^^^^^^^^^^^^^^^^^^^^^
  File "C:\Users\MrWaffle\Desktop\Новая папка (2)\modules\LuaList.py", line 36, in lua_send
    await query.edit_message_document(
          ^^^^^^^^^^^^^^^^^^^^^^^^^^^
AttributeError: 'CallbackQuery' object has no attribute 'edit_message_document'. Did you mean: 'edit_message_text'?
2025-11-23 22:01:35,013 | INFO | httpx | HTTP Request: POST https://api.telegram.org/bot8411847469:AAFUHXwXfsjLYXaToqgt6t4AOdPtcDm4uC4/getUpdates "HTTP/1.1 200 OK"
2025-11-23 22:01:45,180 | INFO | httpx | HTTP Request: POST https://api.telegram.org/bot8411847469:AAFUHXwXfsjLYXaToqgt6t4AOdPtcDm4uC4/getUpdates "HTTP/1.1 200 OK"
2025-11-23 22:01:55,361 | INFO | httpx | HTTP Request: POST https://api.telegram.org/bot8411847469:AAFUHXwXfsjLYXaToqgt6t4AOdPtcDm4uC4/getUpdates "HTTP/1.1 200 OK"
2025-11-23 22:02:05,534 | INFO | httpx | HTTP Request: POST https://api.telegram.org/bot8411847469:AAFUHXwXfsjLYXaToqgt6t4AOdPtcDm4uC4/getUpdates "HTTP/1.1 200 OK"
2025-11-23 22:02:15,740 | INFO | httpx | HTTP Request: POST https://api.telegram.org/bot8411847469:AAFUHXwXfsjLYXaToqgt6t4AOdPtcDm4uC4/getUpdates "HTTP/1.1 200 OK"
2025-11-23 22:02:25,934 | INFO | httpx | HTTP Request: POST https://api.telegram.org/bot8411847469:AAFUHXwXfsjLYXaToqgt6t4AOdPtcDm4uC4/getUpdates "HTTP/1.1 200 OK"
2025-11-23 22:02:36,152 | INFO | httpx | HTTP Request: POST https://api.telegram.org/bot8411847469:AAFUHXwXfsjLYXaToqgt6t4AOdPtcDm4uC4/getUpdates "HTTP/1.1 200 OK"
2025-11-23 22:02:46,315 | INFO | httpx | HTTP Request: POST https://api.telegram.org/bot8411847469:AAFUHXwXfsjLYXaToqgt6t4AOdPtcDm4uC4/getUpdates "HTTP/1.1 200 OK"
2025-11-23 22:02:56,536 | INFO | httpx | HTTP Request: POST https://api.telegram.org/bot8411847469:AAFUHXwXfsjLYXaToqgt6t4AOdPtcDm4uC4/getUpdates "HTTP/1.1 200 OK"
2025-11-23 22:03:06,761 | INFO | httpx | HTTP Request: POST https://api.telegram.org/bot8411847469:AAFUHXwXfsjLYXaToqgt6t4AOdPtcDm4uC4/getUpdates "HTTP/1.1 200 OK"
2025-11-23 22:03:16,985 | INFO | httpx | HTTP Request: POST https://api.telegram.org/bot8411847469:AAFUHXwXfsjLYXaToqgt6t4AOdPtcDm4uC4/getUpdates "HTTP/1.1 200 OK"
2025-11-23 22:03:27,171 | INFO | httpx | HTTP Request: POST https://api.telegram.org/bot8411847469:AAFUHXwXfsjLYXaToqgt6t4AOdPtcDm4uC4/getUpdates "HTTP/1.1 200 OK"
2025-11-23 22:03:37,363 | INFO | httpx | HTTP Request: POST https://api.telegram.org/bot8411847469:AAFUHXwXfsjLYXaToqgt6t4AOdPtcDm4uC4/getUpdates "HTTP/1.1 200 OK"
2025-11-23 22:03:47,575 | INFO | httpx | HTTP Request: POST https://api.telegram.org/bot8411847469:AAFUHXwXfsjLYXaToqgt6t4AOdPtcDm4uC4/getUpdates "HTTP/1.1 200 OK"
2025-11-23 22:03:57,742 | INFO | httpx | HTTP Request: POST https://api.telegram.org/bot8411847469:AAFUHXwXfsjLYXaToqgt6t4AOdPtcDm4uC4/getUpdates "HTTP/1.1 200 OK"
2025-11-23 22:04:07,938 | INFO | httpx | HTTP Request: POST https://api.telegram.org/bot8411847469:AAFUHXwXfsjLYXaToqgt6t4AOdPtcDm4uC4/getUpdates "HTTP/1.1 200 OK"
2025-11-23 22:04:18,111 | INFO | httpx | HTTP Request: POST https://api.telegram.org/bot8411847469:AAFUHXwXfsjLYXaToqgt6t4AOdPtcDm4uC4/getUpdates "HTTP/1.1 200 OK"
2025-11-23 22:04:28,295 | INFO | httpx | HTTP Request: POST https://api.telegram.org/bot8411847469:AAFUHXwXfsjLYXaToqgt6t4AOdPtcDm4uC4/getUpdates "HTTP/1.1 200 OK"
2025-11-23 22:04:38,462 | INFO | httpx | HTTP Request: POST https://api.telegram.org/bot8411847469:AAFUHXwXfsjLYXaToqgt6t4AOdPtcDm4uC4/getUpdates "HTTP/1.1 200 OK"
2025-11-23 22:04:48,644 | INFO | httpx | HTTP Request: POST https://api.telegram.org/bot8411847469:AAFUHXwXfsjLYXaToqgt6t4AOdPtcDm4uC4/getUpdates "HTTP/1.1 200 OK"
2025-11-23 22:04:58,812 | INFO | httpx | HTTP Request: POST https://api.telegram.org/bot8411847469:AAFUHXwXfsjLYXaToqgt6t4AOdPtcDm4uC4/getUpdates "HTTP/1.1 200 OK"
2025-11-23 22:05:09,005 | INFO | httpx | HTTP Request: POST https://api.telegram.org/bot8411847469:AAFUHXwXfsjLYXaToqgt6t4AOdPtcDm4uC4/getUpdates "HTTP/1.1 200 OK"
2025-11-23 22:05:19,223 | INFO | httpx | HTTP Request: POST https://api.telegram.org/bot8411847469:AAFUHXwXfsjLYXaToqgt6t4AOdPtcDm4uC4/getUpdates "HTTP/1.1 200 OK"
2025-11-23 22:05:29,426 | INFO | httpx | HTTP Request: POST https://api.telegram.org/bot8411847469:AAFUHXwXfsjLYXaToqgt6t4AOdPtcDm4uC4/getUpdates "HTTP/1.1 200 OK"
2025-11-23 22:05:39,609 | INFO | httpx | HTTP Request: POST https://api.telegram.org/bot8411847469:AAFUHXwXfsjLYXaToqgt6t4AOdPtcDm4uC4/getUpdates "HTTP/1.1 200 OK"
2025-11-23 22:05:49,778 | INFO | httpx | HTTP Request: POST https://api.telegram.org/bot8411847469:AAFUHXwXfsjLYXaToqgt6t4AOdPtcDm4uC4/getUpdates "HTTP/1.1 200 OK"
2025-11-23 22:05:59,948 | INFO | httpx | HTTP Request: POST https://api.telegram.org/bot8411847469:AAFUHXwXfsjLYXaToqgt6t4AOdPtcDm4uC4/getUpdates "HTTP/1.1 200 OK"
2025-11-23 22:06:10,129 | INFO | httpx | HTTP Request: POST https://api.telegram.org/bot8411847469:AAFUHXwXfsjLYXaToqgt6t4AOdPtcDm4uC4/getUpdates "HTTP/1.1 200 OK"
2025-11-23 22:06:20,296 | INFO | httpx | HTTP Request: POST https://api.telegram.org/bot8411847469:AAFUHXwXfsjLYXaToqgt6t4AOdPtcDm4uC4/getUpdates "HTTP/1.1 200 OK"
2025-11-23 22:06:30,504 | INFO | httpx | HTTP Request: POST https://api.telegram.org/bot8411847469:AAFUHXwXfsjLYXaToqgt6t4AOdPtcDm4uC4/getUpdates "HTTP/1.1 200 OK"
2025-11-23 22:06:40,666 | INFO | httpx | HTTP Request: POST https://api.telegram.org/bot8411847469:AAFUHXwXfsjLYXaToqgt6t4AOdPtcDm4uC4/getUpdates "HTTP/1.1 200 OK"
2025-11-23 22:06:50,830 | INFO | httpx | HTTP Request: POST https://api.telegram.org/bot8411847469:AAFUHXwXfsjLYXaToqgt6t4AOdPtcDm4uC4/getUpdates "HTTP/1.1 200 OK"
2025-11-23 22:07:00,994 | INFO | httpx | HTTP Request: POST https://api.telegram.org/bot8411847469:AAFUHXwXfsjLYXaToqgt6t4AOdPtcDm4uC4/getUpdates "HTTP/1.1 200 OK"
2025-11-23 22:07:11,204 | INFO | httpx | HTTP Request: POST https://api.telegram.org/bot8411847469:AAFUHXwXfsjLYXaToqgt6t4AOdPtcDm4uC4/getUpdates "HTTP/1.1 200 OK"
2025-11-23 22:07:21,371 | INFO | httpx | HTTP Request: POST https://api.telegram.org/bot8411847469:AAFUHXwXfsjLYXaToqgt6t4AOdPtcDm4uC4/getUpdates "HTTP/1.1 200 OK"
2025-11-23 22:07:23,544 | INFO | WATCHDOG | Change detected in module: Start
2025-11-23 22:07:23,549 | INFO | MODELLOADS | Reloading module: Start
2025-11-23 22:07:23,555 | INFO | MODELLOADS | Module Start reloaded successfully
2025-11-23 22:07:31,564 | INFO | httpx | HTTP Request: POST https://api.telegram.org/bot8411847469:AAFUHXwXfsjLYXaToqgt6t4AOdPtcDm4uC4/getUpdates "HTTP/1.1 200 OK"
2025-11-23 22:07:40,572 | INFO | WATCHDOG | Change detected in module: CfgList
2025-11-23 22:07:40,574 | INFO | MODELLOADS | Reloading module: CfgList
2025-11-23 22:07:40,577 | INFO | MODELLOADS | Module CfgList reloaded successfully
2025-11-23 22:07:41,777 | INFO | httpx | HTTP Request: POST https://api.telegram.org/bot8411847469:AAFUHXwXfsjLYXaToqgt6t4AOdPtcDm4uC4/getUpdates "HTTP/1.1 200 OK"
2025-11-23 22:07:51,945 | INFO | httpx | HTTP Request: POST https://api.telegram.org/bot8411847469:AAFUHXwXfsjLYXaToqgt6t4AOdPtcDm4uC4/getUpdates "HTTP/1.1 200 OK"
2025-11-23 22:07:54,590 | INFO | WATCHDOG | Change detected in module: LuaList
2025-11-23 22:07:54,593 | INFO | MODELLOADS | Reloading module: LuaList
2025-11-23 22:07:54,596 | INFO | MODELLOADS | Module LuaList reloaded successfully
2025-11-23 22:08:02,118 | INFO | httpx | HTTP Request: POST https://api.telegram.org/bot8411847469:AAFUHXwXfsjLYXaToqgt6t4AOdPtcDm4uC4/getUpdates "HTTP/1.1 200 OK"
2025-11-23 22:08:03,608 | INFO | WATCHDOG | Change detected in module: CfgList
2025-11-23 22:08:03,610 | INFO | MODELLOADS | Reloading module: CfgList
2025-11-23 22:08:03,613 | INFO | MODELLOADS | Module CfgList reloaded successfully
2025-11-23 22:08:12,291 | INFO | httpx | HTTP Request: POST https://api.telegram.org/bot8411847469:AAFUHXwXfsjLYXaToqgt6t4AOdPtcDm4uC4/getUpdates "HTTP/1.1 200 OK"
2025-11-23 22:08:22,473 | INFO | httpx | HTTP Request: POST https://api.telegram.org/bot8411847469:AAFUHXwXfsjLYXaToqgt6t4AOdPtcDm4uC4/getUpdates "HTTP/1.1 200 OK"
2025-11-23 22:08:24,618 | INFO | httpx | HTTP Request: POST https://api.telegram.org/bot8411847469:AAFUHXwXfsjLYXaToqgt6t4AOdPtcDm4uC4/getUpdates "HTTP/1.1 200 OK"
2025-11-23 22:08:25,417 | INFO | httpx | HTTP Request: POST https://api.telegram.org/bot8411847469:AAFUHXwXfsjLYXaToqgt6t4AOdPtcDm4uC4/sendMessage "HTTP/1.1 200 OK"
2025-11-23 22:08:26,816 | INFO | httpx | HTTP Request: POST https://api.telegram.org/bot8411847469:AAFUHXwXfsjLYXaToqgt6t4AOdPtcDm4uC4/getUpdates "HTTP/1.1 200 OK"
2025-11-23 22:08:27,110 | INFO | httpx | HTTP Request: POST https://api.telegram.org/bot8411847469:AAFUHXwXfsjLYXaToqgt6t4AOdPtcDm4uC4/answerCallbackQuery "HTTP/1.1 200 OK"
2025-11-23 22:08:27,756 | INFO | httpx | HTTP Request: POST https://api.telegram.org/bot8411847469:AAFUHXwXfsjLYXaToqgt6t4AOdPtcDm4uC4/sendDocument "HTTP/1.1 200 OK"
2025-11-23 22:08:28,042 | INFO | httpx | HTTP Request: POST https://api.telegram.org/bot8411847469:AAFUHXwXfsjLYXaToqgt6t4AOdPtcDm4uC4/deleteMessage "HTTP/1.1 200 OK"
2025-11-23 22:08:35,834 | INFO | httpx | HTTP Request: POST https://api.telegram.org/bot8411847469:AAFUHXwXfsjLYXaToqgt6t4AOdPtcDm4uC4/getUpdates "HTTP/1.1 200 OK"
2025-11-23 22:08:36,585 | INFO | httpx | HTTP Request: POST https://api.telegram.org/bot8411847469:AAFUHXwXfsjLYXaToqgt6t4AOdPtcDm4uC4/sendMessage "HTTP/1.1 200 OK"
2025-11-23 22:08:37,896 | INFO | httpx | HTTP Request: POST https://api.telegram.org/bot8411847469:AAFUHXwXfsjLYXaToqgt6t4AOdPtcDm4uC4/getUpdates "HTTP/1.1 200 OK"
2025-11-23 22:08:38,174 | INFO | httpx | HTTP Request: POST https://api.telegram.org/bot8411847469:AAFUHXwXfsjLYXaToqgt6t4AOdPtcDm4uC4/answerCallbackQuery "HTTP/1.1 200 OK"
2025-11-23 22:08:38,336 | INFO | httpx | HTTP Request: POST https://api.telegram.org/bot8411847469:AAFUHXwXfsjLYXaToqgt6t4AOdPtcDm4uC4/sendDocument "HTTP/1.1 400 Bad Request"
2025-11-23 22:08:38,342 | ERROR | SAFE_EXECUTOR | Ошибка в safe_call: File must be non-empty
Traceback (most recent call last):
  File "C:\Users\MrWaffle\Desktop\Новая папка (2)\core\safe_executor.py", line 9, in safe_call
    return await func(*args, **kwargs)
           ^^^^^^^^^^^^^^^^^^^^^^^^^^^
  File "C:\Users\MrWaffle\Desktop\Новая папка (2)\modules\LuaList.py", line 36, in lua_send
    await query.message.reply_document(
  File "C:\Users\MrWaffle\AppData\Local\Programs\Python\Python312\Lib\site-packages\telegram\_message.py", line 2646, in reply_document
    return await self.get_bot().send_document(
           ^^^^^^^^^^^^^^^^^^^^^^^^^^^^^^^^^^^
  File "C:\Users\MrWaffle\AppData\Local\Programs\Python\Python312\Lib\site-packages\telegram\ext\_extbot.py", line 2817, in send_document
    return await super().send_document(
           ^^^^^^^^^^^^^^^^^^^^^^^^^^^^
  File "C:\Users\MrWaffle\AppData\Local\Programs\Python\Python312\Lib\site-packages\telegram\_bot.py", line 1877, in send_document
    return await self._send_message(
           ^^^^^^^^^^^^^^^^^^^^^^^^^
  File "C:\Users\MrWaffle\AppData\Local\Programs\Python\Python312\Lib\site-packages\telegram\ext\_extbot.py", line 634, in _send_message
    result = await super()._send_message(
             ^^^^^^^^^^^^^^^^^^^^^^^^^^^^
  File "C:\Users\MrWaffle\AppData\Local\Programs\Python\Python312\Lib\site-packages\telegram\_bot.py", line 819, in _send_message
    result = await self._post(
             ^^^^^^^^^^^^^^^^^
  File "C:\Users\MrWaffle\AppData\Local\Programs\Python\Python312\Lib\site-packages\telegram\_bot.py", line 703, in _post
    return await self._do_post(
           ^^^^^^^^^^^^^^^^^^^^
  File "C:\Users\MrWaffle\AppData\Local\Programs\Python\Python312\Lib\site-packages\telegram\ext\_extbot.py", line 372, in _do_post
    return await super()._do_post(
           ^^^^^^^^^^^^^^^^^^^^^^^
  File "C:\Users\MrWaffle\AppData\Local\Programs\Python\Python312\Lib\site-packages\telegram\_bot.py", line 732, in _do_post
    result = await request.post(
             ^^^^^^^^^^^^^^^^^^^
  File "C:\Users\MrWaffle\AppData\Local\Programs\Python\Python312\Lib\site-packages\telegram\request\_baserequest.py", line 198, in post
    result = await self._request_wrapper(
             ^^^^^^^^^^^^^^^^^^^^^^^^^^^^
  File "C:\Users\MrWaffle\AppData\Local\Programs\Python\Python312\Lib\site-packages\telegram\request\_baserequest.py", line 375, in _request_wrapper
    raise exception
telegram.error.BadRequest: File must be non-empty
2025-11-23 22:08:48,059 | INFO | httpx | HTTP Request: POST https://api.telegram.org/bot8411847469:AAFUHXwXfsjLYXaToqgt6t4AOdPtcDm4uC4/getUpdates "HTTP/1.1 200 OK"
2025-11-23 22:08:58,233 | INFO | httpx | HTTP Request: POST https://api.telegram.org/bot8411847469:AAFUHXwXfsjLYXaToqgt6t4AOdPtcDm4uC4/getUpdates "HTTP/1.1 200 OK"
2025-11-23 22:09:08,401 | INFO | httpx | HTTP Request: POST https://api.telegram.org/bot8411847469:AAFUHXwXfsjLYXaToqgt6t4AOdPtcDm4uC4/getUpdates "HTTP/1.1 200 OK"
2025-11-23 22:09:18,599 | INFO | httpx | HTTP Request: POST https://api.telegram.org/bot8411847469:AAFUHXwXfsjLYXaToqgt6t4AOdPtcDm4uC4/getUpdates "HTTP/1.1 200 OK"
2025-11-23 22:09:28,762 | INFO | httpx | HTTP Request: POST https://api.telegram.org/bot8411847469:AAFUHXwXfsjLYXaToqgt6t4AOdPtcDm4uC4/getUpdates "HTTP/1.1 200 OK"
2025-11-23 22:09:38,706 | INFO | WATCHDOG | Change detected in module: LuaList
2025-11-23 22:09:38,709 | INFO | MODELLOADS | Reloading module: LuaList
2025-11-23 22:09:38,714 | INFO | MODELLOADS | Module LuaList reloaded successfully
2025-11-23 22:09:38,929 | INFO | httpx | HTTP Request: POST https://api.telegram.org/bot8411847469:AAFUHXwXfsjLYXaToqgt6t4AOdPtcDm4uC4/getUpdates "HTTP/1.1 200 OK"
2025-11-23 22:09:44,188 | INFO | httpx | HTTP Request: POST https://api.telegram.org/bot8411847469:AAFUHXwXfsjLYXaToqgt6t4AOdPtcDm4uC4/getUpdates "HTTP/1.1 200 OK"
2025-11-23 22:09:44,924 | INFO | httpx | HTTP Request: POST https://api.telegram.org/bot8411847469:AAFUHXwXfsjLYXaToqgt6t4AOdPtcDm4uC4/sendMessage "HTTP/1.1 200 OK"
2025-11-23 22:09:46,041 | INFO | httpx | HTTP Request: POST https://api.telegram.org/bot8411847469:AAFUHXwXfsjLYXaToqgt6t4AOdPtcDm4uC4/getUpdates "HTTP/1.1 200 OK"
2025-11-23 22:09:46,321 | INFO | httpx | HTTP Request: POST https://api.telegram.org/bot8411847469:AAFUHXwXfsjLYXaToqgt6t4AOdPtcDm4uC4/answerCallbackQuery "HTTP/1.1 200 OK"
2025-11-23 22:09:46,614 | INFO | httpx | HTTP Request: POST https://api.telegram.org/bot8411847469:AAFUHXwXfsjLYXaToqgt6t4AOdPtcDm4uC4/sendMessage "HTTP/1.1 200 OK"
2025-11-23 22:09:56,217 | INFO | httpx | HTTP Request: POST https://api.telegram.org/bot8411847469:AAFUHXwXfsjLYXaToqgt6t4AOdPtcDm4uC4/getUpdates "HTTP/1.1 200 OK"
2025-11-23 22:10:01,179 | INFO | httpx | HTTP Request: POST https://api.telegram.org/bot8411847469:AAFUHXwXfsjLYXaToqgt6t4AOdPtcDm4uC4/getUpdates "HTTP/1.1 200 OK"
2025-11-23 22:10:01,936 | INFO | httpx | HTTP Request: POST https://api.telegram.org/bot8411847469:AAFUHXwXfsjLYXaToqgt6t4AOdPtcDm4uC4/sendMessage "HTTP/1.1 200 OK"
2025-11-23 22:10:03,176 | INFO | httpx | HTTP Request: POST https://api.telegram.org/bot8411847469:AAFUHXwXfsjLYXaToqgt6t4AOdPtcDm4uC4/getUpdates "HTTP/1.1 200 OK"
2025-11-23 22:10:03,520 | INFO | httpx | HTTP Request: POST https://api.telegram.org/bot8411847469:AAFUHXwXfsjLYXaToqgt6t4AOdPtcDm4uC4/answerCallbackQuery "HTTP/1.1 200 OK"
2025-11-23 22:10:04,076 | INFO | httpx | HTTP Request: POST https://api.telegram.org/bot8411847469:AAFUHXwXfsjLYXaToqgt6t4AOdPtcDm4uC4/sendDocument "HTTP/1.1 200 OK"
2025-11-23 22:10:04,355 | INFO | httpx | HTTP Request: POST https://api.telegram.org/bot8411847469:AAFUHXwXfsjLYXaToqgt6t4AOdPtcDm4uC4/deleteMessage "HTTP/1.1 200 OK"
2025-11-23 22:10:13,404 | INFO | httpx | HTTP Request: POST https://api.telegram.org/bot8411847469:AAFUHXwXfsjLYXaToqgt6t4AOdPtcDm4uC4/getUpdates "HTTP/1.1 200 OK"
2025-11-23 22:10:23,571 | INFO | httpx | HTTP Request: POST https://api.telegram.org/bot8411847469:AAFUHXwXfsjLYXaToqgt6t4AOdPtcDm4uC4/getUpdates "HTTP/1.1 200 OK"
2025-11-23 22:10:33,749 | INFO | httpx | HTTP Request: POST https://api.telegram.org/bot8411847469:AAFUHXwXfsjLYXaToqgt6t4AOdPtcDm4uC4/getUpdates "HTTP/1.1 200 OK"
2025-11-23 22:10:43,949 | INFO | httpx | HTTP Request: POST https://api.telegram.org/bot8411847469:AAFUHXwXfsjLYXaToqgt6t4AOdPtcDm4uC4/getUpdates "HTTP/1.1 200 OK"
2025-11-23 22:10:54,138 | INFO | httpx | HTTP Request: POST https://api.telegram.org/bot8411847469:AAFUHXwXfsjLYXaToqgt6t4AOdPtcDm4uC4/getUpdates "HTTP/1.1 200 OK"
2025-11-23 22:11:04,331 | INFO | httpx | HTTP Request: POST https://api.telegram.org/bot8411847469:AAFUHXwXfsjLYXaToqgt6t4AOdPtcDm4uC4/getUpdates "HTTP/1.1 200 OK"
2025-11-23 22:11:14,499 | INFO | httpx | HTTP Request: POST https://api.telegram.org/bot8411847469:AAFUHXwXfsjLYXaToqgt6t4AOdPtcDm4uC4/getUpdates "HTTP/1.1 200 OK"
2025-11-23 22:11:24,663 | INFO | httpx | HTTP Request: POST https://api.telegram.org/bot8411847469:AAFUHXwXfsjLYXaToqgt6t4AOdPtcDm4uC4/getUpdates "HTTP/1.1 200 OK"
2025-11-23 22:11:34,867 | INFO | httpx | HTTP Request: POST https://api.telegram.org/bot8411847469:AAFUHXwXfsjLYXaToqgt6t4AOdPtcDm4uC4/getUpdates "HTTP/1.1 200 OK"
2025-11-23 22:11:45,052 | INFO | httpx | HTTP Request: POST https://api.telegram.org/bot8411847469:AAFUHXwXfsjLYXaToqgt6t4AOdPtcDm4uC4/getUpdates "HTTP/1.1 200 OK"
2025-11-23 22:11:55,222 | INFO | httpx | HTTP Request: POST https://api.telegram.org/bot8411847469:AAFUHXwXfsjLYXaToqgt6t4AOdPtcDm4uC4/getUpdates "HTTP/1.1 200 OK"
2025-11-23 22:12:05,405 | INFO | httpx | HTTP Request: POST https://api.telegram.org/bot8411847469:AAFUHXwXfsjLYXaToqgt6t4AOdPtcDm4uC4/getUpdates "HTTP/1.1 200 OK"
2026-01-05 22:22:21,567 | INFO | PRESTART | Telegram без прокси доступен (latency=0.783s)
2026-01-05 22:22:21,574 | INFO | PRESTART | Прокси не найдены — работаем без прокси
2026-01-05 22:22:21,580 | INFO | MAIN | Создаём ApplicationBuilder...
2026-01-05 22:22:22,050 | INFO | MODELLOADS | Module CfgList loaded
2026-01-05 22:22:22,053 | INFO | MODELLOADS | Module LuaList loaded
2026-01-05 22:22:22,056 | INFO | MODELLOADS | Module Start loaded
2026-01-05 22:22:22,057 | INFO | MAIN | Запуск бота...
2026-01-05 22:22:22,512 | INFO | httpx | HTTP Request: POST https://api.telegram.org/bot8411847469:AAFUHXwXfsjLYXaToqgt6t4AOdPtcDm4uC4/getMe "HTTP/1.1 200 OK"
2026-01-05 22:22:22,670 | INFO | httpx | HTTP Request: POST https://api.telegram.org/bot8411847469:AAFUHXwXfsjLYXaToqgt6t4AOdPtcDm4uC4/deleteWebhook "HTTP/1.1 200 OK"
2026-01-05 22:22:22,674 | INFO | telegram.ext.Application | Application started
2026-01-05 22:22:33,065 | INFO | httpx | HTTP Request: POST https://api.telegram.org/bot8411847469:AAFUHXwXfsjLYXaToqgt6t4AOdPtcDm4uC4/getUpdates "HTTP/1.1 200 OK"
2026-01-05 22:22:43,263 | INFO | httpx | HTTP Request: POST https://api.telegram.org/bot8411847469:AAFUHXwXfsjLYXaToqgt6t4AOdPtcDm4uC4/getUpdates "HTTP/1.1 200 OK"
2026-01-05 22:22:46,936 | INFO | httpx | HTTP Request: POST https://api.telegram.org/bot8411847469:AAFUHXwXfsjLYXaToqgt6t4AOdPtcDm4uC4/getUpdates "HTTP/1.1 200 OK"
2026-01-05 22:22:47,504 | INFO | httpx | HTTP Request: POST https://api.telegram.org/bot8411847469:AAFUHXwXfsjLYXaToqgt6t4AOdPtcDm4uC4/sendMessage "HTTP/1.1 200 OK"
2026-01-05 22:22:49,092 | INFO | httpx | HTTP Request: POST https://api.telegram.org/bot8411847469:AAFUHXwXfsjLYXaToqgt6t4AOdPtcDm4uC4/getUpdates "HTTP/1.1 200 OK"
2026-01-05 22:22:49,357 | INFO | httpx | HTTP Request: POST https://api.telegram.org/bot8411847469:AAFUHXwXfsjLYXaToqgt6t4AOdPtcDm4uC4/answerCallbackQuery "HTTP/1.1 200 OK"
2026-01-05 22:22:49,894 | INFO | httpx | HTTP Request: POST https://api.telegram.org/bot8411847469:AAFUHXwXfsjLYXaToqgt6t4AOdPtcDm4uC4/sendDocument "HTTP/1.1 200 OK"
2026-01-05 22:22:50,151 | INFO | httpx | HTTP Request: POST https://api.telegram.org/bot8411847469:AAFUHXwXfsjLYXaToqgt6t4AOdPtcDm4uC4/deleteMessage "HTTP/1.1 200 OK"
2026-01-05 22:22:54,821 | INFO | httpx | HTTP Request: POST https://api.telegram.org/bot8411847469:AAFUHXwXfsjLYXaToqgt6t4AOdPtcDm4uC4/getUpdates "HTTP/1.1 200 OK"
2026-01-05 22:22:55,401 | INFO | httpx | HTTP Request: POST https://api.telegram.org/bot8411847469:AAFUHXwXfsjLYXaToqgt6t4AOdPtcDm4uC4/sendMessage "HTTP/1.1 200 OK"
2026-01-05 22:22:56,752 | INFO | httpx | HTTP Request: POST https://api.telegram.org/bot8411847469:AAFUHXwXfsjLYXaToqgt6t4AOdPtcDm4uC4/getUpdates "HTTP/1.1 200 OK"
2026-01-05 22:22:57,010 | INFO | httpx | HTTP Request: POST https://api.telegram.org/bot8411847469:AAFUHXwXfsjLYXaToqgt6t4AOdPtcDm4uC4/answerCallbackQuery "HTTP/1.1 200 OK"
2026-01-05 22:22:57,513 | INFO | httpx | HTTP Request: POST https://api.telegram.org/bot8411847469:AAFUHXwXfsjLYXaToqgt6t4AOdPtcDm4uC4/sendDocument "HTTP/1.1 200 OK"
2026-01-05 22:22:58,154 | INFO | httpx | HTTP Request: POST https://api.telegram.org/bot8411847469:AAFUHXwXfsjLYXaToqgt6t4AOdPtcDm4uC4/deleteMessage "HTTP/1.1 200 OK"
2026-01-05 22:23:06,889 | INFO | httpx | HTTP Request: POST https://api.telegram.org/bot8411847469:AAFUHXwXfsjLYXaToqgt6t4AOdPtcDm4uC4/getUpdates "HTTP/1.1 200 OK"
2026-01-05 22:23:17,068 | INFO | httpx | HTTP Request: POST https://api.telegram.org/bot8411847469:AAFUHXwXfsjLYXaToqgt6t4AOdPtcDm4uC4/getUpdates "HTTP/1.1 200 OK"
2026-01-05 22:23:27,207 | INFO | httpx | HTTP Request: POST https://api.telegram.org/bot8411847469:AAFUHXwXfsjLYXaToqgt6t4AOdPtcDm4uC4/getUpdates "HTTP/1.1 200 OK"
2026-01-05 22:23:37,351 | INFO | httpx | HTTP Request: POST https://api.telegram.org/bot8411847469:AAFUHXwXfsjLYXaToqgt6t4AOdPtcDm4uC4/getUpdates "HTTP/1.1 200 OK"
2026-01-05 22:23:47,481 | INFO | httpx | HTTP Request: POST https://api.telegram.org/bot8411847469:AAFUHXwXfsjLYXaToqgt6t4AOdPtcDm4uC4/getUpdates "HTTP/1.1 200 OK"
2026-01-05 22:23:57,616 | INFO | httpx | HTTP Request: POST https://api.telegram.org/bot8411847469:AAFUHXwXfsjLYXaToqgt6t4AOdPtcDm4uC4/getUpdates "HTTP/1.1 200 OK"
2026-01-05 22:24:08,055 | INFO | httpx | HTTP Request: POST https://api.telegram.org/bot8411847469:AAFUHXwXfsjLYXaToqgt6t4AOdPtcDm4uC4/getUpdates "HTTP/1.1 200 OK"
2026-01-05 22:24:18,200 | INFO | httpx | HTTP Request: POST https://api.telegram.org/bot8411847469:AAFUHXwXfsjLYXaToqgt6t4AOdPtcDm4uC4/getUpdates "HTTP/1.1 200 OK"
2026-01-05 22:24:28,333 | INFO | httpx | HTTP Request: POST https://api.telegram.org/bot8411847469:AAFUHXwXfsjLYXaToqgt6t4AOdPtcDm4uC4/getUpdates "HTTP/1.1 200 OK"
2026-01-05 22:24:38,464 | INFO | httpx | HTTP Request: POST https://api.telegram.org/bot8411847469:AAFUHXwXfsjLYXaToqgt6t4AOdPtcDm4uC4/getUpdates "HTTP/1.1 200 OK"
2026-01-05 22:24:48,604 | INFO | httpx | HTTP Request: POST https://api.telegram.org/bot8411847469:AAFUHXwXfsjLYXaToqgt6t4AOdPtcDm4uC4/getUpdates "HTTP/1.1 200 OK"
2026-01-05 22:24:58,771 | INFO | httpx | HTTP Request: POST https://api.telegram.org/bot8411847469:AAFUHXwXfsjLYXaToqgt6t4AOdPtcDm4uC4/getUpdates "HTTP/1.1 200 OK"
2026-01-05 22:25:06,890 | INFO | httpx | HTTP Request: POST https://api.telegram.org/bot8411847469:AAFUHXwXfsjLYXaToqgt6t4AOdPtcDm4uC4/getUpdates "HTTP/1.1 200 OK"
2026-01-05 22:25:07,475 | INFO | httpx | HTTP Request: POST https://api.telegram.org/bot8411847469:AAFUHXwXfsjLYXaToqgt6t4AOdPtcDm4uC4/sendMessage "HTTP/1.1 200 OK"
2026-01-05 22:25:17,078 | INFO | httpx | HTTP Request: POST https://api.telegram.org/bot8411847469:AAFUHXwXfsjLYXaToqgt6t4AOdPtcDm4uC4/getUpdates "HTTP/1.1 200 OK"
2026-01-05 22:25:24,694 | INFO | httpx | HTTP Request: POST https://api.telegram.org/bot8411847469:AAFUHXwXfsjLYXaToqgt6t4AOdPtcDm4uC4/getUpdates "HTTP/1.1 200 OK"
2026-01-05 22:25:25,277 | INFO | httpx | HTTP Request: POST https://api.telegram.org/bot8411847469:AAFUHXwXfsjLYXaToqgt6t4AOdPtcDm4uC4/sendMessage "HTTP/1.1 200 OK"
2026-01-05 22:25:26,327 | INFO | httpx | HTTP Request: POST https://api.telegram.org/bot8411847469:AAFUHXwXfsjLYXaToqgt6t4AOdPtcDm4uC4/getUpdates "HTTP/1.1 200 OK"
2026-01-05 22:25:26,637 | INFO | httpx | HTTP Request: POST https://api.telegram.org/bot8411847469:AAFUHXwXfsjLYXaToqgt6t4AOdPtcDm4uC4/sendMessage "HTTP/1.1 200 OK"
2026-01-05 22:25:27,403 | INFO | httpx | HTTP Request: POST https://api.telegram.org/bot8411847469:AAFUHXwXfsjLYXaToqgt6t4AOdPtcDm4uC4/getUpdates "HTTP/1.1 200 OK"
2026-01-05 22:25:27,748 | INFO | httpx | HTTP Request: POST https://api.telegram.org/bot8411847469:AAFUHXwXfsjLYXaToqgt6t4AOdPtcDm4uC4/sendMessage "HTTP/1.1 200 OK"
2026-01-05 22:25:28,495 | INFO | httpx | HTTP Request: POST https://api.telegram.org/bot8411847469:AAFUHXwXfsjLYXaToqgt6t4AOdPtcDm4uC4/getUpdates "HTTP/1.1 200 OK"
2026-01-05 22:25:28,789 | INFO | httpx | HTTP Request: POST https://api.telegram.org/bot8411847469:AAFUHXwXfsjLYXaToqgt6t4AOdPtcDm4uC4/sendMessage "HTTP/1.1 200 OK"
2026-01-05 22:25:29,657 | INFO | httpx | HTTP Request: POST https://api.telegram.org/bot8411847469:AAFUHXwXfsjLYXaToqgt6t4AOdPtcDm4uC4/getUpdates "HTTP/1.1 200 OK"
2026-01-05 22:25:29,977 | INFO | httpx | HTTP Request: POST https://api.telegram.org/bot8411847469:AAFUHXwXfsjLYXaToqgt6t4AOdPtcDm4uC4/sendMessage "HTTP/1.1 200 OK"
2026-01-05 22:25:39,841 | INFO | httpx | HTTP Request: POST https://api.telegram.org/bot8411847469:AAFUHXwXfsjLYXaToqgt6t4AOdPtcDm4uC4/getUpdates "HTTP/1.1 200 OK"
2026-01-05 22:25:50,401 | INFO | httpx | HTTP Request: POST https://api.telegram.org/bot8411847469:AAFUHXwXfsjLYXaToqgt6t4AOdPtcDm4uC4/getUpdates "HTTP/1.1 200 OK"
2026-01-05 22:26:00,602 | INFO | httpx | HTTP Request: POST https://api.telegram.org/bot8411847469:AAFUHXwXfsjLYXaToqgt6t4AOdPtcDm4uC4/getUpdates "HTTP/1.1 200 OK"
2026-01-05 22:26:05,415 | INFO | httpx | HTTP Request: POST https://api.telegram.org/bot8411847469:AAFUHXwXfsjLYXaToqgt6t4AOdPtcDm4uC4/getUpdates "HTTP/1.1 200 OK"
2026-01-05 22:26:05,584 | INFO | httpx | HTTP Request: POST https://api.telegram.org/bot8411847469:AAFUHXwXfsjLYXaToqgt6t4AOdPtcDm4uC4/getUpdates "HTTP/1.1 200 OK"
2026-01-05 22:26:05,721 | INFO | httpx | HTTP Request: POST https://api.telegram.org/bot8411847469:AAFUHXwXfsjLYXaToqgt6t4AOdPtcDm4uC4/getUpdates "HTTP/1.1 200 OK"
2026-01-05 22:26:06,272 | INFO | httpx | HTTP Request: POST https://api.telegram.org/bot8411847469:AAFUHXwXfsjLYXaToqgt6t4AOdPtcDm4uC4/sendMessage "HTTP/1.1 200 OK"
2026-01-05 22:26:06,760 | INFO | httpx | HTTP Request: POST https://api.telegram.org/bot8411847469:AAFUHXwXfsjLYXaToqgt6t4AOdPtcDm4uC4/getUpdates "HTTP/1.1 200 OK"
2026-01-05 22:26:07,074 | INFO | httpx | HTTP Request: POST https://api.telegram.org/bot8411847469:AAFUHXwXfsjLYXaToqgt6t4AOdPtcDm4uC4/sendMessage "HTTP/1.1 200 OK"
2026-01-05 22:26:07,860 | INFO | httpx | HTTP Request: POST https://api.telegram.org/bot8411847469:AAFUHXwXfsjLYXaToqgt6t4AOdPtcDm4uC4/getUpdates "HTTP/1.1 200 OK"
2026-01-05 22:26:08,134 | INFO | httpx | HTTP Request: POST https://api.telegram.org/bot8411847469:AAFUHXwXfsjLYXaToqgt6t4AOdPtcDm4uC4/sendMessage "HTTP/1.1 200 OK"
2026-01-05 22:26:08,956 | INFO | httpx | HTTP Request: POST https://api.telegram.org/bot8411847469:AAFUHXwXfsjLYXaToqgt6t4AOdPtcDm4uC4/getUpdates "HTTP/1.1 200 OK"
2026-01-05 22:26:09,233 | INFO | httpx | HTTP Request: POST https://api.telegram.org/bot8411847469:AAFUHXwXfsjLYXaToqgt6t4AOdPtcDm4uC4/sendMessage "HTTP/1.1 200 OK"
2026-01-05 22:26:10,102 | INFO | httpx | HTTP Request: POST https://api.telegram.org/bot8411847469:AAFUHXwXfsjLYXaToqgt6t4AOdPtcDm4uC4/getUpdates "HTTP/1.1 200 OK"
2026-01-05 22:26:10,412 | INFO | httpx | HTTP Request: POST https://api.telegram.org/bot8411847469:AAFUHXwXfsjLYXaToqgt6t4AOdPtcDm4uC4/sendMessage "HTTP/1.1 200 OK"
2026-01-05 22:26:11,278 | INFO | httpx | HTTP Request: POST https://api.telegram.org/bot8411847469:AAFUHXwXfsjLYXaToqgt6t4AOdPtcDm4uC4/getUpdates "HTTP/1.1 200 OK"
2026-01-05 22:26:11,567 | INFO | httpx | HTTP Request: POST https://api.telegram.org/bot8411847469:AAFUHXwXfsjLYXaToqgt6t4AOdPtcDm4uC4/sendMessage "HTTP/1.1 200 OK"
2026-01-05 22:26:12,401 | INFO | httpx | HTTP Request: POST https://api.telegram.org/bot8411847469:AAFUHXwXfsjLYXaToqgt6t4AOdPtcDm4uC4/getUpdates "HTTP/1.1 200 OK"
2026-01-05 22:26:12,682 | INFO | httpx | HTTP Request: POST https://api.telegram.org/bot8411847469:AAFUHXwXfsjLYXaToqgt6t4AOdPtcDm4uC4/sendMessage "HTTP/1.1 200 OK"
2026-01-05 22:26:13,515 | INFO | httpx | HTTP Request: POST https://api.telegram.org/bot8411847469:AAFUHXwXfsjLYXaToqgt6t4AOdPtcDm4uC4/getUpdates "HTTP/1.1 200 OK"
2026-01-05 22:26:13,820 | INFO | httpx | HTTP Request: POST https://api.telegram.org/bot8411847469:AAFUHXwXfsjLYXaToqgt6t4AOdPtcDm4uC4/sendMessage "HTTP/1.1 200 OK"
2026-01-05 22:26:14,721 | INFO | httpx | HTTP Request: POST https://api.telegram.org/bot8411847469:AAFUHXwXfsjLYXaToqgt6t4AOdPtcDm4uC4/getUpdates "HTTP/1.1 200 OK"
2026-01-05 22:26:15,121 | INFO | httpx | HTTP Request: POST https://api.telegram.org/bot8411847469:AAFUHXwXfsjLYXaToqgt6t4AOdPtcDm4uC4/sendMessage "HTTP/1.1 200 OK"
2026-01-05 22:26:15,783 | INFO | httpx | HTTP Request: POST https://api.telegram.org/bot8411847469:AAFUHXwXfsjLYXaToqgt6t4AOdPtcDm4uC4/getUpdates "HTTP/1.1 200 OK"
2026-01-05 22:26:16,081 | INFO | httpx | HTTP Request: POST https://api.telegram.org/bot8411847469:AAFUHXwXfsjLYXaToqgt6t4AOdPtcDm4uC4/sendMessage "HTTP/1.1 200 OK"
2026-01-05 22:26:16,895 | INFO | httpx | HTTP Request: POST https://api.telegram.org/bot8411847469:AAFUHXwXfsjLYXaToqgt6t4AOdPtcDm4uC4/getUpdates "HTTP/1.1 200 OK"
2026-01-05 22:26:17,180 | INFO | httpx | HTTP Request: POST https://api.telegram.org/bot8411847469:AAFUHXwXfsjLYXaToqgt6t4AOdPtcDm4uC4/sendMessage "HTTP/1.1 200 OK"
2026-01-05 22:26:17,988 | INFO | httpx | HTTP Request: POST https://api.telegram.org/bot8411847469:AAFUHXwXfsjLYXaToqgt6t4AOdPtcDm4uC4/getUpdates "HTTP/1.1 200 OK"
2026-01-05 22:26:18,358 | INFO | httpx | HTTP Request: POST https://api.telegram.org/bot8411847469:AAFUHXwXfsjLYXaToqgt6t4AOdPtcDm4uC4/sendMessage "HTTP/1.1 200 OK"
2026-01-05 22:26:28,125 | INFO | httpx | HTTP Request: POST https://api.telegram.org/bot8411847469:AAFUHXwXfsjLYXaToqgt6t4AOdPtcDm4uC4/getUpdates "HTTP/1.1 200 OK"
2026-01-05 22:26:38,270 | INFO | httpx | HTTP Request: POST https://api.telegram.org/bot8411847469:AAFUHXwXfsjLYXaToqgt6t4AOdPtcDm4uC4/getUpdates "HTTP/1.1 200 OK"
2026-01-05 22:26:48,786 | INFO | httpx | HTTP Request: POST https://api.telegram.org/bot8411847469:AAFUHXwXfsjLYXaToqgt6t4AOdPtcDm4uC4/getUpdates "HTTP/1.1 200 OK"
2026-01-05 22:26:58,943 | INFO | httpx | HTTP Request: POST https://api.telegram.org/bot8411847469:AAFUHXwXfsjLYXaToqgt6t4AOdPtcDm4uC4/getUpdates "HTTP/1.1 200 OK"
2026-01-05 22:27:08,194 | INFO | httpx | HTTP Request: POST https://api.telegram.org/bot8411847469:AAFUHXwXfsjLYXaToqgt6t4AOdPtcDm4uC4/getUpdates "HTTP/1.1 200 OK"
2026-01-05 22:27:08,769 | INFO | httpx | HTTP Request: POST https://api.telegram.org/bot8411847469:AAFUHXwXfsjLYXaToqgt6t4AOdPtcDm4uC4/sendMessage "HTTP/1.1 200 OK"
2026-01-05 22:27:09,307 | INFO | httpx | HTTP Request: POST https://api.telegram.org/bot8411847469:AAFUHXwXfsjLYXaToqgt6t4AOdPtcDm4uC4/getUpdates "HTTP/1.1 200 OK"
2026-01-05 22:27:09,618 | INFO | httpx | HTTP Request: POST https://api.telegram.org/bot8411847469:AAFUHXwXfsjLYXaToqgt6t4AOdPtcDm4uC4/sendMessage "HTTP/1.1 200 OK"
2026-01-05 22:27:10,407 | INFO | httpx | HTTP Request: POST https://api.telegram.org/bot8411847469:AAFUHXwXfsjLYXaToqgt6t4AOdPtcDm4uC4/getUpdates "HTTP/1.1 200 OK"
2026-01-05 22:27:10,673 | INFO | httpx | HTTP Request: POST https://api.telegram.org/bot8411847469:AAFUHXwXfsjLYXaToqgt6t4AOdPtcDm4uC4/sendMessage "HTTP/1.1 200 OK"
2026-01-05 22:27:11,521 | INFO | httpx | HTTP Request: POST https://api.telegram.org/bot8411847469:AAFUHXwXfsjLYXaToqgt6t4AOdPtcDm4uC4/getUpdates "HTTP/1.1 200 OK"
2026-01-05 22:27:11,802 | INFO | httpx | HTTP Request: POST https://api.telegram.org/bot8411847469:AAFUHXwXfsjLYXaToqgt6t4AOdPtcDm4uC4/sendMessage "HTTP/1.1 200 OK"
2026-01-05 22:27:12,629 | INFO | httpx | HTTP Request: POST https://api.telegram.org/bot8411847469:AAFUHXwXfsjLYXaToqgt6t4AOdPtcDm4uC4/getUpdates "HTTP/1.1 200 OK"
2026-01-05 22:27:12,924 | INFO | httpx | HTTP Request: POST https://api.telegram.org/bot8411847469:AAFUHXwXfsjLYXaToqgt6t4AOdPtcDm4uC4/sendMessage "HTTP/1.1 200 OK"
2026-01-05 22:27:13,787 | INFO | httpx | HTTP Request: POST https://api.telegram.org/bot8411847469:AAFUHXwXfsjLYXaToqgt6t4AOdPtcDm4uC4/getUpdates "HTTP/1.1 200 OK"
2026-01-05 22:27:14,064 | INFO | httpx | HTTP Request: POST https://api.telegram.org/bot8411847469:AAFUHXwXfsjLYXaToqgt6t4AOdPtcDm4uC4/sendMessage "HTTP/1.1 200 OK"
2026-01-05 22:27:14,981 | INFO | httpx | HTTP Request: POST https://api.telegram.org/bot8411847469:AAFUHXwXfsjLYXaToqgt6t4AOdPtcDm4uC4/getUpdates "HTTP/1.1 200 OK"
2026-01-05 22:27:15,252 | INFO | httpx | HTTP Request: POST https://api.telegram.org/bot8411847469:AAFUHXwXfsjLYXaToqgt6t4AOdPtcDm4uC4/sendMessage "HTTP/1.1 200 OK"
2026-01-05 22:27:16,055 | INFO | httpx | HTTP Request: POST https://api.telegram.org/bot8411847469:AAFUHXwXfsjLYXaToqgt6t4AOdPtcDm4uC4/getUpdates "HTTP/1.1 200 OK"
2026-01-05 22:27:16,367 | INFO | httpx | HTTP Request: POST https://api.telegram.org/bot8411847469:AAFUHXwXfsjLYXaToqgt6t4AOdPtcDm4uC4/sendMessage "HTTP/1.1 200 OK"
2026-01-05 22:27:17,140 | INFO | httpx | HTTP Request: POST https://api.telegram.org/bot8411847469:AAFUHXwXfsjLYXaToqgt6t4AOdPtcDm4uC4/getUpdates "HTTP/1.1 200 OK"
2026-01-05 22:27:17,460 | INFO | httpx | HTTP Request: POST https://api.telegram.org/bot8411847469:AAFUHXwXfsjLYXaToqgt6t4AOdPtcDm4uC4/sendMessage "HTTP/1.1 200 OK"
2026-01-05 22:27:18,235 | INFO | httpx | HTTP Request: POST https://api.telegram.org/bot8411847469:AAFUHXwXfsjLYXaToqgt6t4AOdPtcDm4uC4/getUpdates "HTTP/1.1 200 OK"
2026-01-05 22:27:18,977 | INFO | httpx | HTTP Request: POST https://api.telegram.org/bot8411847469:AAFUHXwXfsjLYXaToqgt6t4AOdPtcDm4uC4/sendMessage "HTTP/1.1 200 OK"
2026-01-05 22:27:28,379 | INFO | httpx | HTTP Request: POST https://api.telegram.org/bot8411847469:AAFUHXwXfsjLYXaToqgt6t4AOdPtcDm4uC4/getUpdates "HTTP/1.1 200 OK"
2026-01-05 22:27:38,516 | INFO | httpx | HTTP Request: POST https://api.telegram.org/bot8411847469:AAFUHXwXfsjLYXaToqgt6t4AOdPtcDm4uC4/getUpdates "HTTP/1.1 200 OK"
2026-01-05 22:27:48,660 | INFO | httpx | HTTP Request: POST https://api.telegram.org/bot8411847469:AAFUHXwXfsjLYXaToqgt6t4AOdPtcDm4uC4/getUpdates "HTTP/1.1 200 OK"
2026-01-05 22:27:58,797 | INFO | httpx | HTTP Request: POST https://api.telegram.org/bot8411847469:AAFUHXwXfsjLYXaToqgt6t4AOdPtcDm4uC4/getUpdates "HTTP/1.1 200 OK"
2026-01-05 22:28:08,995 | INFO | httpx | HTTP Request: POST https://api.telegram.org/bot8411847469:AAFUHXwXfsjLYXaToqgt6t4AOdPtcDm4uC4/getUpdates "HTTP/1.1 200 OK"
2026-01-05 22:28:09,349 | INFO | httpx | HTTP Request: POST https://api.telegram.org/bot8411847469:AAFUHXwXfsjLYXaToqgt6t4AOdPtcDm4uC4/getUpdates "HTTP/1.1 200 OK"
2026-01-05 22:28:09,948 | INFO | httpx | HTTP Request: POST https://api.telegram.org/bot8411847469:AAFUHXwXfsjLYXaToqgt6t4AOdPtcDm4uC4/sendMessage "HTTP/1.1 200 OK"
2026-01-05 22:28:10,432 | INFO | httpx | HTTP Request: POST https://api.telegram.org/bot8411847469:AAFUHXwXfsjLYXaToqgt6t4AOdPtcDm4uC4/getUpdates "HTTP/1.1 200 OK"
2026-01-05 22:28:10,703 | INFO | httpx | HTTP Request: POST https://api.telegram.org/bot8411847469:AAFUHXwXfsjLYXaToqgt6t4AOdPtcDm4uC4/sendMessage "HTTP/1.1 200 OK"
2026-01-05 22:28:11,518 | INFO | httpx | HTTP Request: POST https://api.telegram.org/bot8411847469:AAFUHXwXfsjLYXaToqgt6t4AOdPtcDm4uC4/getUpdates "HTTP/1.1 200 OK"
2026-01-05 22:28:11,784 | INFO | httpx | HTTP Request: POST https://api.telegram.org/bot8411847469:AAFUHXwXfsjLYXaToqgt6t4AOdPtcDm4uC4/sendMessage "HTTP/1.1 200 OK"
2026-01-05 22:28:12,614 | INFO | httpx | HTTP Request: POST https://api.telegram.org/bot8411847469:AAFUHXwXfsjLYXaToqgt6t4AOdPtcDm4uC4/getUpdates "HTTP/1.1 200 OK"
2026-01-05 22:28:12,882 | INFO | httpx | HTTP Request: POST https://api.telegram.org/bot8411847469:AAFUHXwXfsjLYXaToqgt6t4AOdPtcDm4uC4/sendMessage "HTTP/1.1 200 OK"
2026-01-05 22:28:13,731 | INFO | httpx | HTTP Request: POST https://api.telegram.org/bot8411847469:AAFUHXwXfsjLYXaToqgt6t4AOdPtcDm4uC4/getUpdates "HTTP/1.1 200 OK"
2026-01-05 22:28:14,030 | INFO | httpx | HTTP Request: POST https://api.telegram.org/bot8411847469:AAFUHXwXfsjLYXaToqgt6t4AOdPtcDm4uC4/sendMessage "HTTP/1.1 200 OK"
2026-01-05 22:28:15,247 | INFO | httpx | HTTP Request: POST https://api.telegram.org/bot8411847469:AAFUHXwXfsjLYXaToqgt6t4AOdPtcDm4uC4/getUpdates "HTTP/1.1 200 OK"
2026-01-05 22:28:15,529 | INFO | httpx | HTTP Request: POST https://api.telegram.org/bot8411847469:AAFUHXwXfsjLYXaToqgt6t4AOdPtcDm4uC4/sendMessage "HTTP/1.1 200 OK"
2026-01-05 22:28:15,964 | INFO | httpx | HTTP Request: POST https://api.telegram.org/bot8411847469:AAFUHXwXfsjLYXaToqgt6t4AOdPtcDm4uC4/getUpdates "HTTP/1.1 200 OK"
2026-01-05 22:28:16,238 | INFO | httpx | HTTP Request: POST https://api.telegram.org/bot8411847469:AAFUHXwXfsjLYXaToqgt6t4AOdPtcDm4uC4/sendMessage "HTTP/1.1 200 OK"
2026-01-05 22:28:17,076 | INFO | httpx | HTTP Request: POST https://api.telegram.org/bot8411847469:AAFUHXwXfsjLYXaToqgt6t4AOdPtcDm4uC4/getUpdates "HTTP/1.1 200 OK"
2026-01-05 22:28:17,364 | INFO | httpx | HTTP Request: POST https://api.telegram.org/bot8411847469:AAFUHXwXfsjLYXaToqgt6t4AOdPtcDm4uC4/sendMessage "HTTP/1.1 200 OK"
2026-01-05 22:28:27,230 | INFO | httpx | HTTP Request: POST https://api.telegram.org/bot8411847469:AAFUHXwXfsjLYXaToqgt6t4AOdPtcDm4uC4/getUpdates "HTTP/1.1 200 OK"
2026-01-05 22:28:37,365 | INFO | httpx | HTTP Request: POST https://api.telegram.org/bot8411847469:AAFUHXwXfsjLYXaToqgt6t4AOdPtcDm4uC4/getUpdates "HTTP/1.1 200 OK"
2026-01-05 22:28:47,818 | INFO | httpx | HTTP Request: POST https://api.telegram.org/bot8411847469:AAFUHXwXfsjLYXaToqgt6t4AOdPtcDm4uC4/getUpdates "HTTP/1.1 200 OK"
2026-01-05 22:28:57,964 | INFO | httpx | HTTP Request: POST https://api.telegram.org/bot8411847469:AAFUHXwXfsjLYXaToqgt6t4AOdPtcDm4uC4/getUpdates "HTTP/1.1 200 OK"
2026-01-05 22:29:08,100 | INFO | httpx | HTTP Request: POST https://api.telegram.org/bot8411847469:AAFUHXwXfsjLYXaToqgt6t4AOdPtcDm4uC4/getUpdates "HTTP/1.1 200 OK"
2026-01-05 22:29:18,236 | INFO | httpx | HTTP Request: POST https://api.telegram.org/bot8411847469:AAFUHXwXfsjLYXaToqgt6t4AOdPtcDm4uC4/getUpdates "HTTP/1.1 200 OK"
2026-01-05 22:29:28,419 | INFO | httpx | HTTP Request: POST https://api.telegram.org/bot8411847469:AAFUHXwXfsjLYXaToqgt6t4AOdPtcDm4uC4/getUpdates "HTTP/1.1 200 OK"
2026-01-05 22:29:30,325 | INFO | httpx | HTTP Request: POST https://api.telegram.org/bot8411847469:AAFUHXwXfsjLYXaToqgt6t4AOdPtcDm4uC4/getUpdates "HTTP/1.1 200 OK"
2026-01-05 22:29:30,506 | INFO | httpx | HTTP Request: POST https://api.telegram.org/bot8411847469:AAFUHXwXfsjLYXaToqgt6t4AOdPtcDm4uC4/getUpdates "HTTP/1.1 200 OK"
2026-01-05 22:29:30,757 | INFO | httpx | HTTP Request: POST https://api.telegram.org/bot8411847469:AAFUHXwXfsjLYXaToqgt6t4AOdPtcDm4uC4/getUpdates "HTTP/1.1 200 OK"
2026-01-05 22:29:30,897 | INFO | httpx | HTTP Request: POST https://api.telegram.org/bot8411847469:AAFUHXwXfsjLYXaToqgt6t4AOdPtcDm4uC4/sendMessage "HTTP/1.1 200 OK"
2026-01-05 22:29:30,949 | INFO | httpx | HTTP Request: POST https://api.telegram.org/bot8411847469:AAFUHXwXfsjLYXaToqgt6t4AOdPtcDm4uC4/getUpdates "HTTP/1.1 200 OK"
2026-01-05 22:29:31,177 | INFO | httpx | HTTP Request: POST https://api.telegram.org/bot8411847469:AAFUHXwXfsjLYXaToqgt6t4AOdPtcDm4uC4/sendMessage "HTTP/1.1 200 OK"
2026-01-05 22:29:31,207 | INFO | httpx | HTTP Request: POST https://api.telegram.org/bot8411847469:AAFUHXwXfsjLYXaToqgt6t4AOdPtcDm4uC4/getUpdates "HTTP/1.1 200 OK"
2026-01-05 22:29:31,480 | INFO | httpx | HTTP Request: POST https://api.telegram.org/bot8411847469:AAFUHXwXfsjLYXaToqgt6t4AOdPtcDm4uC4/sendMessage "HTTP/1.1 200 OK"
2026-01-05 22:29:31,753 | INFO | httpx | HTTP Request: POST https://api.telegram.org/bot8411847469:AAFUHXwXfsjLYXaToqgt6t4AOdPtcDm4uC4/sendMessage "HTTP/1.1 200 OK"
2026-01-05 22:29:31,897 | INFO | httpx | HTTP Request: POST https://api.telegram.org/bot8411847469:AAFUHXwXfsjLYXaToqgt6t4AOdPtcDm4uC4/getUpdates "HTTP/1.1 200 OK"
2026-01-05 22:29:32,026 | INFO | httpx | HTTP Request: POST https://api.telegram.org/bot8411847469:AAFUHXwXfsjLYXaToqgt6t4AOdPtcDm4uC4/sendMessage "HTTP/1.1 200 OK"
2026-01-05 22:29:32,034 | INFO | httpx | HTTP Request: POST https://api.telegram.org/bot8411847469:AAFUHXwXfsjLYXaToqgt6t4AOdPtcDm4uC4/getUpdates "HTTP/1.1 200 OK"
2026-01-05 22:29:32,171 | INFO | httpx | HTTP Request: POST https://api.telegram.org/bot8411847469:AAFUHXwXfsjLYXaToqgt6t4AOdPtcDm4uC4/getUpdates "HTTP/1.1 200 OK"
2026-01-05 22:29:32,308 | INFO | httpx | HTTP Request: POST https://api.telegram.org/bot8411847469:AAFUHXwXfsjLYXaToqgt6t4AOdPtcDm4uC4/getUpdates "HTTP/1.1 200 OK"
2026-01-05 22:29:32,332 | INFO | httpx | HTTP Request: POST https://api.telegram.org/bot8411847469:AAFUHXwXfsjLYXaToqgt6t4AOdPtcDm4uC4/sendMessage "HTTP/1.1 200 OK"
2026-01-05 22:29:32,604 | INFO | httpx | HTTP Request: POST https://api.telegram.org/bot8411847469:AAFUHXwXfsjLYXaToqgt6t4AOdPtcDm4uC4/sendMessage "HTTP/1.1 200 OK"
2026-01-05 22:29:32,882 | INFO | httpx | HTTP Request: POST https://api.telegram.org/bot8411847469:AAFUHXwXfsjLYXaToqgt6t4AOdPtcDm4uC4/sendMessage "HTTP/1.1 200 OK"
2026-01-05 22:29:33,154 | INFO | httpx | HTTP Request: POST https://api.telegram.org/bot8411847469:AAFUHXwXfsjLYXaToqgt6t4AOdPtcDm4uC4/sendMessage "HTTP/1.1 200 OK"
2026-01-05 22:29:33,773 | INFO | httpx | HTTP Request: POST https://api.telegram.org/bot8411847469:AAFUHXwXfsjLYXaToqgt6t4AOdPtcDm4uC4/sendMessage "HTTP/1.1 200 OK"
2026-01-05 22:29:42,443 | INFO | httpx | HTTP Request: POST https://api.telegram.org/bot8411847469:AAFUHXwXfsjLYXaToqgt6t4AOdPtcDm4uC4/getUpdates "HTTP/1.1 200 OK"
2026-01-05 22:29:52,586 | INFO | httpx | HTTP Request: POST https://api.telegram.org/bot8411847469:AAFUHXwXfsjLYXaToqgt6t4AOdPtcDm4uC4/getUpdates "HTTP/1.1 200 OK"
2026-01-05 22:30:02,758 | INFO | httpx | HTTP Request: POST https://api.telegram.org/bot8411847469:AAFUHXwXfsjLYXaToqgt6t4AOdPtcDm4uC4/getUpdates "HTTP/1.1 200 OK"
2026-01-05 22:30:13,208 | INFO | httpx | HTTP Request: POST https://api.telegram.org/bot8411847469:AAFUHXwXfsjLYXaToqgt6t4AOdPtcDm4uC4/getUpdates "HTTP/1.1 200 OK"
2026-01-05 22:30:23,375 | INFO | httpx | HTTP Request: POST https://api.telegram.org/bot8411847469:AAFUHXwXfsjLYXaToqgt6t4AOdPtcDm4uC4/getUpdates "HTTP/1.1 200 OK"
2026-01-05 22:30:31,486 | INFO | httpx | HTTP Request: POST https://api.telegram.org/bot8411847469:AAFUHXwXfsjLYXaToqgt6t4AOdPtcDm4uC4/getUpdates "HTTP/1.1 200 OK"
2026-01-05 22:30:31,719 | INFO | httpx | HTTP Request: POST https://api.telegram.org/bot8411847469:AAFUHXwXfsjLYXaToqgt6t4AOdPtcDm4uC4/getUpdates "HTTP/1.1 200 OK"
2026-01-05 22:30:31,887 | INFO | httpx | HTTP Request: POST https://api.telegram.org/bot8411847469:AAFUHXwXfsjLYXaToqgt6t4AOdPtcDm4uC4/getUpdates "HTTP/1.1 200 OK"
2026-01-05 22:30:32,022 | INFO | httpx | HTTP Request: POST https://api.telegram.org/bot8411847469:AAFUHXwXfsjLYXaToqgt6t4AOdPtcDm4uC4/getUpdates "HTTP/1.1 200 OK"
2026-01-05 22:30:32,049 | INFO | httpx | HTTP Request: POST https://api.telegram.org/bot8411847469:AAFUHXwXfsjLYXaToqgt6t4AOdPtcDm4uC4/sendMessage "HTTP/1.1 200 OK"
2026-01-05 22:30:32,318 | INFO | httpx | HTTP Request: POST https://api.telegram.org/bot8411847469:AAFUHXwXfsjLYXaToqgt6t4AOdPtcDm4uC4/sendMessage "HTTP/1.1 200 OK"
2026-01-05 22:30:32,595 | INFO | httpx | HTTP Request: POST https://api.telegram.org/bot8411847469:AAFUHXwXfsjLYXaToqgt6t4AOdPtcDm4uC4/sendMessage "HTTP/1.1 200 OK"
2026-01-05 22:30:32,871 | INFO | httpx | HTTP Request: POST https://api.telegram.org/bot8411847469:AAFUHXwXfsjLYXaToqgt6t4AOdPtcDm4uC4/sendMessage "HTTP/1.1 200 OK"
2026-01-05 22:30:42,157 | INFO | httpx | HTTP Request: POST https://api.telegram.org/bot8411847469:AAFUHXwXfsjLYXaToqgt6t4AOdPtcDm4uC4/getUpdates "HTTP/1.1 200 OK"
2026-01-05 22:30:52,309 | INFO | httpx | HTTP Request: POST https://api.telegram.org/bot8411847469:AAFUHXwXfsjLYXaToqgt6t4AOdPtcDm4uC4/getUpdates "HTTP/1.1 200 OK"
2026-01-05 22:31:02,441 | INFO | httpx | HTTP Request: POST https://api.telegram.org/bot8411847469:AAFUHXwXfsjLYXaToqgt6t4AOdPtcDm4uC4/getUpdates "HTTP/1.1 200 OK"
2026-01-05 22:31:12,593 | INFO | httpx | HTTP Request: POST https://api.telegram.org/bot8411847469:AAFUHXwXfsjLYXaToqgt6t4AOdPtcDm4uC4/getUpdates "HTTP/1.1 200 OK"
2026-01-05 22:31:22,725 | INFO | httpx | HTTP Request: POST https://api.telegram.org/bot8411847469:AAFUHXwXfsjLYXaToqgt6t4AOdPtcDm4uC4/getUpdates "HTTP/1.1 200 OK"
2026-01-05 22:31:32,897 | INFO | httpx | HTTP Request: POST https://api.telegram.org/bot8411847469:AAFUHXwXfsjLYXaToqgt6t4AOdPtcDm4uC4/getUpdates "HTTP/1.1 200 OK"
2026-01-05 22:31:43,320 | INFO | httpx | HTTP Request: POST https://api.telegram.org/bot8411847469:AAFUHXwXfsjLYXaToqgt6t4AOdPtcDm4uC4/getUpdates "HTTP/1.1 200 OK"
2026-01-05 22:31:53,516 | INFO | httpx | HTTP Request: POST https://api.telegram.org/bot8411847469:AAFUHXwXfsjLYXaToqgt6t4AOdPtcDm4uC4/getUpdates "HTTP/1.1 200 OK"
2026-01-05 22:32:03,694 | INFO | httpx | HTTP Request: POST https://api.telegram.org/bot8411847469:AAFUHXwXfsjLYXaToqgt6t4AOdPtcDm4uC4/getUpdates "HTTP/1.1 200 OK"
2026-01-05 22:32:13,881 | INFO | httpx | HTTP Request: POST https://api.telegram.org/bot8411847469:AAFUHXwXfsjLYXaToqgt6t4AOdPtcDm4uC4/getUpdates "HTTP/1.1 200 OK"
2026-01-05 22:32:24,087 | INFO | httpx | HTTP Request: POST https://api.telegram.org/bot8411847469:AAFUHXwXfsjLYXaToqgt6t4AOdPtcDm4uC4/getUpdates "HTTP/1.1 200 OK"
2026-01-05 22:32:34,232 | INFO | httpx | HTTP Request: POST https://api.telegram.org/bot8411847469:AAFUHXwXfsjLYXaToqgt6t4AOdPtcDm4uC4/getUpdates "HTTP/1.1 200 OK"
2026-01-05 22:32:44,423 | INFO | httpx | HTTP Request: POST https://api.telegram.org/bot8411847469:AAFUHXwXfsjLYXaToqgt6t4AOdPtcDm4uC4/getUpdates "HTTP/1.1 200 OK"
2026-01-05 22:32:54,599 | INFO | httpx | HTTP Request: POST https://api.telegram.org/bot8411847469:AAFUHXwXfsjLYXaToqgt6t4AOdPtcDm4uC4/getUpdates "HTTP/1.1 200 OK"
2026-01-05 22:33:04,754 | INFO | httpx | HTTP Request: POST https://api.telegram.org/bot8411847469:AAFUHXwXfsjLYXaToqgt6t4AOdPtcDm4uC4/getUpdates "HTTP/1.1 200 OK"
2026-01-05 22:33:14,900 | INFO | httpx | HTTP Request: POST https://api.telegram.org/bot8411847469:AAFUHXwXfsjLYXaToqgt6t4AOdPtcDm4uC4/getUpdates "HTTP/1.1 200 OK"
2026-01-05 22:33:25,045 | INFO | httpx | HTTP Request: POST https://api.telegram.org/bot8411847469:AAFUHXwXfsjLYXaToqgt6t4AOdPtcDm4uC4/getUpdates "HTTP/1.1 200 OK"
2026-01-05 22:33:35,192 | INFO | httpx | HTTP Request: POST https://api.telegram.org/bot8411847469:AAFUHXwXfsjLYXaToqgt6t4AOdPtcDm4uC4/getUpdates "HTTP/1.1 200 OK"
2026-01-05 22:33:45,651 | INFO | httpx | HTTP Request: POST https://api.telegram.org/bot8411847469:AAFUHXwXfsjLYXaToqgt6t4AOdPtcDm4uC4/getUpdates "HTTP/1.1 200 OK"
2026-01-05 22:33:55,794 | INFO | httpx | HTTP Request: POST https://api.telegram.org/bot8411847469:AAFUHXwXfsjLYXaToqgt6t4AOdPtcDm4uC4/getUpdates "HTTP/1.1 200 OK"
2026-01-05 22:34:05,985 | INFO | httpx | HTTP Request: POST https://api.telegram.org/bot8411847469:AAFUHXwXfsjLYXaToqgt6t4AOdPtcDm4uC4/getUpdates "HTTP/1.1 200 OK"
2026-01-05 22:34:16,175 | INFO | httpx | HTTP Request: POST https://api.telegram.org/bot8411847469:AAFUHXwXfsjLYXaToqgt6t4AOdPtcDm4uC4/getUpdates "HTTP/1.1 200 OK"
2026-01-05 22:34:26,332 | INFO | httpx | HTTP Request: POST https://api.telegram.org/bot8411847469:AAFUHXwXfsjLYXaToqgt6t4AOdPtcDm4uC4/getUpdates "HTTP/1.1 200 OK"
2026-01-05 22:34:36,521 | INFO | httpx | HTTP Request: POST https://api.telegram.org/bot8411847469:AAFUHXwXfsjLYXaToqgt6t4AOdPtcDm4uC4/getUpdates "HTTP/1.1 200 OK"
2026-01-05 22:34:46,667 | INFO | httpx | HTTP Request: POST https://api.telegram.org/bot8411847469:AAFUHXwXfsjLYXaToqgt6t4AOdPtcDm4uC4/getUpdates "HTTP/1.1 200 OK"
2026-01-05 22:34:56,872 | INFO | httpx | HTTP Request: POST https://api.telegram.org/bot8411847469:AAFUHXwXfsjLYXaToqgt6t4AOdPtcDm4uC4/getUpdates "HTTP/1.1 200 OK"
2026-01-05 22:35:07,018 | INFO | httpx | HTTP Request: POST https://api.telegram.org/bot8411847469:AAFUHXwXfsjLYXaToqgt6t4AOdPtcDm4uC4/getUpdates "HTTP/1.1 200 OK"
2026-01-05 22:35:17,166 | INFO | httpx | HTTP Request: POST https://api.telegram.org/bot8411847469:AAFUHXwXfsjLYXaToqgt6t4AOdPtcDm4uC4/getUpdates "HTTP/1.1 200 OK"
2026-01-05 22:35:27,311 | INFO | httpx | HTTP Request: POST https://api.telegram.org/bot8411847469:AAFUHXwXfsjLYXaToqgt6t4AOdPtcDm4uC4/getUpdates "HTTP/1.1 200 OK"
2026-01-05 22:35:37,461 | INFO | httpx | HTTP Request: POST https://api.telegram.org/bot8411847469:AAFUHXwXfsjLYXaToqgt6t4AOdPtcDm4uC4/getUpdates "HTTP/1.1 200 OK"
2026-01-05 22:35:47,659 | INFO | httpx | HTTP Request: POST https://api.telegram.org/bot8411847469:AAFUHXwXfsjLYXaToqgt6t4AOdPtcDm4uC4/getUpdates "HTTP/1.1 200 OK"
2026-01-05 22:35:57,816 | INFO | httpx | HTTP Request: POST https://api.telegram.org/bot8411847469:AAFUHXwXfsjLYXaToqgt6t4AOdPtcDm4uC4/getUpdates "HTTP/1.1 200 OK"
2026-01-05 22:36:08,283 | INFO | httpx | HTTP Request: POST https://api.telegram.org/bot8411847469:AAFUHXwXfsjLYXaToqgt6t4AOdPtcDm4uC4/getUpdates "HTTP/1.1 200 OK"
2026-01-05 22:36:18,428 | INFO | httpx | HTTP Request: POST https://api.telegram.org/bot8411847469:AAFUHXwXfsjLYXaToqgt6t4AOdPtcDm4uC4/getUpdates "HTTP/1.1 200 OK"
2026-01-05 22:36:28,572 | INFO | httpx | HTTP Request: POST https://api.telegram.org/bot8411847469:AAFUHXwXfsjLYXaToqgt6t4AOdPtcDm4uC4/getUpdates "HTTP/1.1 200 OK"
2026-01-05 22:36:38,758 | INFO | httpx | HTTP Request: POST https://api.telegram.org/bot8411847469:AAFUHXwXfsjLYXaToqgt6t4AOdPtcDm4uC4/getUpdates "HTTP/1.1 200 OK"
2026-01-05 22:36:48,930 | INFO | httpx | HTTP Request: POST https://api.telegram.org/bot8411847469:AAFUHXwXfsjLYXaToqgt6t4AOdPtcDm4uC4/getUpdates "HTTP/1.1 200 OK"
2026-01-05 22:36:59,103 | INFO | httpx | HTTP Request: POST https://api.telegram.org/bot8411847469:AAFUHXwXfsjLYXaToqgt6t4AOdPtcDm4uC4/getUpdates "HTTP/1.1 200 OK"
2026-01-05 22:37:09,259 | INFO | httpx | HTTP Request: POST https://api.telegram.org/bot8411847469:AAFUHXwXfsjLYXaToqgt6t4AOdPtcDm4uC4/getUpdates "HTTP/1.1 200 OK"
2026-01-05 22:37:19,403 | INFO | httpx | HTTP Request: POST https://api.telegram.org/bot8411847469:AAFUHXwXfsjLYXaToqgt6t4AOdPtcDm4uC4/getUpdates "HTTP/1.1 200 OK"
2026-01-05 22:37:29,548 | INFO | httpx | HTTP Request: POST https://api.telegram.org/bot8411847469:AAFUHXwXfsjLYXaToqgt6t4AOdPtcDm4uC4/getUpdates "HTTP/1.1 200 OK"
2026-01-05 22:37:39,739 | INFO | httpx | HTTP Request: POST https://api.telegram.org/bot8411847469:AAFUHXwXfsjLYXaToqgt6t4AOdPtcDm4uC4/getUpdates "HTTP/1.1 200 OK"
2026-01-05 22:37:49,898 | INFO | httpx | HTTP Request: POST https://api.telegram.org/bot8411847469:AAFUHXwXfsjLYXaToqgt6t4AOdPtcDm4uC4/getUpdates "HTTP/1.1 200 OK"
2026-01-05 22:38:00,047 | INFO | httpx | HTTP Request: POST https://api.telegram.org/bot8411847469:AAFUHXwXfsjLYXaToqgt6t4AOdPtcDm4uC4/getUpdates "HTTP/1.1 200 OK"
2026-01-05 22:38:10,191 | INFO | httpx | HTTP Request: POST https://api.telegram.org/bot8411847469:AAFUHXwXfsjLYXaToqgt6t4AOdPtcDm4uC4/getUpdates "HTTP/1.1 200 OK"
2026-01-05 22:38:20,366 | INFO | httpx | HTTP Request: POST https://api.telegram.org/bot8411847469:AAFUHXwXfsjLYXaToqgt6t4AOdPtcDm4uC4/getUpdates "HTTP/1.1 200 OK"
2026-01-05 22:38:30,512 | INFO | httpx | HTTP Request: POST https://api.telegram.org/bot8411847469:AAFUHXwXfsjLYXaToqgt6t4AOdPtcDm4uC4/getUpdates "HTTP/1.1 200 OK"
2026-01-05 22:38:41,129 | INFO | httpx | HTTP Request: POST https://api.telegram.org/bot8411847469:AAFUHXwXfsjLYXaToqgt6t4AOdPtcDm4uC4/getUpdates "HTTP/1.1 200 OK"
2026-01-05 22:38:51,319 | INFO | httpx | HTTP Request: POST https://api.telegram.org/bot8411847469:AAFUHXwXfsjLYXaToqgt6t4AOdPtcDm4uC4/getUpdates "HTTP/1.1 200 OK"
2026-01-05 22:39:01,463 | INFO | httpx | HTTP Request: POST https://api.telegram.org/bot8411847469:AAFUHXwXfsjLYXaToqgt6t4AOdPtcDm4uC4/getUpdates "HTTP/1.1 200 OK"
2026-01-05 22:39:11,620 | INFO | httpx | HTTP Request: POST https://api.telegram.org/bot8411847469:AAFUHXwXfsjLYXaToqgt6t4AOdPtcDm4uC4/getUpdates "HTTP/1.1 200 OK"
2026-01-05 22:39:21,762 | INFO | httpx | HTTP Request: POST https://api.telegram.org/bot8411847469:AAFUHXwXfsjLYXaToqgt6t4AOdPtcDm4uC4/getUpdates "HTTP/1.1 200 OK"
2026-01-05 22:39:31,997 | INFO | httpx | HTTP Request: POST https://api.telegram.org/bot8411847469:AAFUHXwXfsjLYXaToqgt6t4AOdPtcDm4uC4/getUpdates "HTTP/1.1 200 OK"
2026-01-05 22:39:42,158 | INFO | httpx | HTTP Request: POST https://api.telegram.org/bot8411847469:AAFUHXwXfsjLYXaToqgt6t4AOdPtcDm4uC4/getUpdates "HTTP/1.1 200 OK"
2026-01-05 22:39:52,333 | INFO | httpx | HTTP Request: POST https://api.telegram.org/bot8411847469:AAFUHXwXfsjLYXaToqgt6t4AOdPtcDm4uC4/getUpdates "HTTP/1.1 200 OK"
2026-01-05 22:40:02,484 | INFO | httpx | HTTP Request: POST https://api.telegram.org/bot8411847469:AAFUHXwXfsjLYXaToqgt6t4AOdPtcDm4uC4/getUpdates "HTTP/1.1 200 OK"
2026-01-05 22:40:12,627 | INFO | httpx | HTTP Request: POST https://api.telegram.org/bot8411847469:AAFUHXwXfsjLYXaToqgt6t4AOdPtcDm4uC4/getUpdates "HTTP/1.1 200 OK"
2026-01-05 22:41:07,590 | INFO     | PRESTART | Telegram без прокси доступен (latency=0.389s)
2026-01-05 22:41:07,667 | INFO     | PRESTART | Прокси не найдены — работаем без прокси
2026-01-05 22:41:07,671 | INFO     | MAIN | Создаём ApplicationBuilder...
2026-01-05 22:41:08,101 | INFO     | MODELLOADS | Module CfgList loaded
2026-01-05 22:41:08,127 | INFO     | MODELLOADS | Module LuaList loaded
2026-01-05 22:41:08,129 | INFO     | MODELLOADS | Module Start loaded
2026-01-05 22:41:08,130 | INFO     | MAIN | Запуск бота...
2026-01-05 22:41:08,594 | INFO     | httpx | HTTP Request: POST https://api.telegram.org/bot8411847469:AAFUHXwXfsjLYXaToqgt6t4AOdPtcDm4uC4/getMe "HTTP/1.1 200 OK"
2026-01-05 22:41:08,746 | INFO     | httpx | HTTP Request: POST https://api.telegram.org/bot8411847469:AAFUHXwXfsjLYXaToqgt6t4AOdPtcDm4uC4/deleteWebhook "HTTP/1.1 200 OK"
2026-01-05 22:41:08,752 | INFO     | telegram.ext.Application | Application started
2026-01-05 22:42:16,105 | INFO     | PRESTART | Telegram без прокси доступен (latency=0.406s)
2026-01-05 22:42:16,161 | INFO     | PRESTART | Прокси не найдены — работаем без прокси
2026-01-05 22:42:16,165 | INFO     | MAIN | Создаём ApplicationBuilder...
2026-01-05 22:42:16,595 | INFO     | MODELLOADS | Module CfgList loaded
2026-01-05 22:42:16,598 | INFO     | MODELLOADS | Module LuaList loaded
2026-01-05 22:42:16,601 | INFO     | MODELLOADS | Module Start loaded
2026-01-05 22:42:16,603 | INFO     | MAIN | Запуск бота...
2026-01-05 22:42:17,055 | INFO     | httpx | HTTP Request: POST https://api.telegram.org/bot8411847469:AAFUHXwXfsjLYXaToqgt6t4AOdPtcDm4uC4/getMe "HTTP/1.1 200 OK"
2026-01-05 22:42:17,198 | INFO     | httpx | HTTP Request: POST https://api.telegram.org/bot8411847469:AAFUHXwXfsjLYXaToqgt6t4AOdPtcDm4uC4/deleteWebhook "HTTP/1.1 200 OK"
2026-01-05 22:42:17,204 | INFO     | telegram.ext.Application | Application started
2026-01-05 22:49:43,813 | INFO     | PRESTART | Telegram без прокси доступен (latency=0.392s)
2026-01-05 22:49:43,821 | INFO     | PRESTART | Прокси не найдены — работаем без прокси
2026-01-05 22:49:43,824 | INFO     | MAIN | Создаём ApplicationBuilder...
2026-01-05 22:49:44,240 | INFO     | MODELLOADS | Module CfgList loaded
2026-01-05 22:49:44,270 | INFO     | MODELLOADS | Module LuaList loaded
2026-01-05 22:49:44,273 | INFO     | MODELLOADS | Module Start loaded
2026-01-05 22:49:44,274 | INFO     | MAIN | Запуск бота...
2026-01-05 22:49:44,732 | INFO     | httpx | HTTP Request: POST https://api.telegram.org/bot8411847469:AAFUHXwXfsjLYXaToqgt6t4AOdPtcDm4uC4/getMe "HTTP/1.1 200 OK"
2026-01-05 22:49:44,885 | INFO     | httpx | HTTP Request: POST https://api.telegram.org/bot8411847469:AAFUHXwXfsjLYXaToqgt6t4AOdPtcDm4uC4/deleteWebhook "HTTP/1.1 200 OK"
2026-01-05 22:49:44,890 | INFO     | telegram.ext.Application | Application started
